{"/Users/akskulka3/ReactNativeTraining/PokemonCapstone/src/constants.js": {"path":"/Users/akskulka3/ReactNativeTraining/PokemonCapstone/src/constants.js","statementMap":{"0":{"start":{"line":1,"column":28},"end":{"line":4,"column":1}},"1":{"start":{"line":6,"column":28},"end":{"line":6,"column":56}},"2":{"start":{"line":8,"column":22},"end":{"line":13,"column":1}},"3":{"start":{"line":15,"column":30},"end":{"line":36,"column":1}}},"fnMap":{},"branchMap":{},"s":{"0":7,"1":7,"2":7,"3":7},"f":{},"b":{},"_coverageSchema":"1a1c01bbd47fc00a2c39e90264f33305004495a9","hash":"ab8ab25caee8471d3f298c7783afdcc7f2042eae"}
,"/Users/akskulka3/ReactNativeTraining/PokemonCapstone/src/assets/images/filter.png": {"path":"/Users/akskulka3/ReactNativeTraining/PokemonCapstone/src/assets/images/filter.png","statementMap":{"0":{"start":{"line":1,"column":0},"end":{"line":4,"column":6}}},"fnMap":{},"branchMap":{},"s":{"0":3},"f":{},"b":{},"_coverageSchema":"1a1c01bbd47fc00a2c39e90264f33305004495a9","hash":"b5634e442691e1178df6b198a144788f4517c0a7"}
,"/Users/akskulka3/ReactNativeTraining/PokemonCapstone/src/assets/images/search.png": {"path":"/Users/akskulka3/ReactNativeTraining/PokemonCapstone/src/assets/images/search.png","statementMap":{"0":{"start":{"line":1,"column":0},"end":{"line":4,"column":6}}},"fnMap":{},"branchMap":{},"s":{"0":3},"f":{},"b":{},"_coverageSchema":"1a1c01bbd47fc00a2c39e90264f33305004495a9","hash":"a8a36314398147871e17a7b87cf16f44c2066e67"}
,"/Users/akskulka3/ReactNativeTraining/PokemonCapstone/src/components/Card.js": {"path":"/Users/akskulka3/ReactNativeTraining/PokemonCapstone/src/components/Card.js","statementMap":{"0":{"start":{"line":6,"column":20},"end":{"line":17,"column":1}},"1":{"start":{"line":7,"column":2},"end":{"line":16,"column":4}}},"fnMap":{"0":{"name":"(anonymous_0)","decl":{"start":{"line":6,"column":20},"end":{"line":6,"column":21}},"loc":{"start":{"line":6,"column":62},"end":{"line":17,"column":1}},"line":6}},"branchMap":{},"s":{"0":4,"1":4},"f":{"0":4},"b":{},"_coverageSchema":"1a1c01bbd47fc00a2c39e90264f33305004495a9","hash":"a9a0346c3fffdb87ffcc32c17dac0254aea23ae8"}
,"/Users/akskulka3/ReactNativeTraining/PokemonCapstone/src/components/Filters.js": {"path":"/Users/akskulka3/ReactNativeTraining/PokemonCapstone/src/components/Filters.js","statementMap":{"0":{"start":{"line":10,"column":23},"end":{"line":101,"column":1}},"1":{"start":{"line":12,"column":4},"end":{"line":12,"column":30}},"2":{"start":{"line":14,"column":42},"end":{"line":14,"column":54}},"3":{"start":{"line":15,"column":46},"end":{"line":15,"column":58}},"4":{"start":{"line":17,"column":40},"end":{"line":17,"column":45}},"5":{"start":{"line":19,"column":2},"end":{"line":100,"column":4}},"6":{"start":{"line":26,"column":27},"end":{"line":26,"column":48}},"7":{"start":{"line":38,"column":34},"end":{"line":38,"column":38}},"8":{"start":{"line":40,"column":14},"end":{"line":46,"column":21}},"9":{"start":{"line":58,"column":34},"end":{"line":58,"column":38}},"10":{"start":{"line":60,"column":14},"end":{"line":66,"column":21}},"11":{"start":{"line":78,"column":14},"end":{"line":78,"column":34}},"12":{"start":{"line":79,"column":14},"end":{"line":79,"column":35}},"13":{"start":{"line":80,"column":14},"end":{"line":80,"column":36}},"14":{"start":{"line":81,"column":14},"end":{"line":81,"column":37}},"15":{"start":{"line":82,"column":14},"end":{"line":82,"column":36}},"16":{"start":{"line":90,"column":14},"end":{"line":90,"column":50}},"17":{"start":{"line":91,"column":14},"end":{"line":91,"column":54}},"18":{"start":{"line":92,"column":14},"end":{"line":92,"column":36}}},"fnMap":{"0":{"name":"(anonymous_0)","decl":{"start":{"line":10,"column":23},"end":{"line":10,"column":24}},"loc":{"start":{"line":10,"column":32},"end":{"line":101,"column":1}},"line":10},"1":{"name":"(anonymous_1)","decl":{"start":{"line":26,"column":21},"end":{"line":26,"column":22}},"loc":{"start":{"line":26,"column":27},"end":{"line":26,"column":48}},"line":26},"2":{"name":"(anonymous_2)","decl":{"start":{"line":38,"column":26},"end":{"line":38,"column":27}},"loc":{"start":{"line":38,"column":34},"end":{"line":38,"column":38}},"line":38},"3":{"name":"(anonymous_3)","decl":{"start":{"line":39,"column":24},"end":{"line":39,"column":25}},"loc":{"start":{"line":40,"column":14},"end":{"line":46,"column":21}},"line":40},"4":{"name":"(anonymous_4)","decl":{"start":{"line":58,"column":26},"end":{"line":58,"column":27}},"loc":{"start":{"line":58,"column":34},"end":{"line":58,"column":38}},"line":58},"5":{"name":"(anonymous_5)","decl":{"start":{"line":59,"column":24},"end":{"line":59,"column":25}},"loc":{"start":{"line":60,"column":14},"end":{"line":66,"column":21}},"line":60},"6":{"name":"(anonymous_6)","decl":{"start":{"line":77,"column":25},"end":{"line":77,"column":26}},"loc":{"start":{"line":77,"column":31},"end":{"line":83,"column":13}},"line":77},"7":{"name":"(anonymous_7)","decl":{"start":{"line":89,"column":25},"end":{"line":89,"column":26}},"loc":{"start":{"line":89,"column":31},"end":{"line":93,"column":13}},"line":89}},"branchMap":{},"s":{"0":4,"1":13,"2":13,"3":13,"4":13,"5":13,"6":1,"7":7,"8":7,"9":24,"10":24,"11":1,"12":1,"13":1,"14":1,"15":1,"16":1,"17":1,"18":1},"f":{"0":13,"1":1,"2":7,"3":7,"4":24,"5":24,"6":1,"7":1},"b":{},"_coverageSchema":"1a1c01bbd47fc00a2c39e90264f33305004495a9","hash":"007daa89ba2bf365920c601bc41f3715e80b219e"}
,"/Users/akskulka3/ReactNativeTraining/PokemonCapstone/src/components/PokemonEmptyList.js": {"path":"/Users/akskulka3/ReactNativeTraining/PokemonCapstone/src/components/PokemonEmptyList.js","statementMap":{"0":{"start":{"line":5,"column":32},"end":{"line":7,"column":1}},"1":{"start":{"line":6,"column":2},"end":{"line":6,"column":76}}},"fnMap":{"0":{"name":"(anonymous_0)","decl":{"start":{"line":5,"column":32},"end":{"line":5,"column":33}},"loc":{"start":{"line":5,"column":38},"end":{"line":7,"column":1}},"line":5}},"branchMap":{},"s":{"0":4,"1":2},"f":{"0":2},"b":{},"_coverageSchema":"1a1c01bbd47fc00a2c39e90264f33305004495a9","hash":"6499736f4ec2963d7419dc864442aa16baae3705"}
,"/Users/akskulka3/ReactNativeTraining/PokemonCapstone/src/components/PokemonListHeader.js": {"path":"/Users/akskulka3/ReactNativeTraining/PokemonCapstone/src/components/PokemonListHeader.js","statementMap":{"0":{"start":{"line":10,"column":33},"end":{"line":60,"column":1}},"1":{"start":{"line":12,"column":4},"end":{"line":12,"column":30}},"2":{"start":{"line":14,"column":2},"end":{"line":59,"column":4}},"3":{"start":{"line":26,"column":14},"end":{"line":26,"column":66}},"4":{"start":{"line":39,"column":33},"end":{"line":39,"column":51}},"5":{"start":{"line":43,"column":14},"end":{"line":43,"column":67}},"6":{"start":{"line":50,"column":25},"end":{"line":50,"column":45}}},"fnMap":{"0":{"name":"(anonymous_0)","decl":{"start":{"line":10,"column":33},"end":{"line":10,"column":34}},"loc":{"start":{"line":10,"column":55},"end":{"line":60,"column":1}},"line":10},"1":{"name":"(anonymous_1)","decl":{"start":{"line":25,"column":21},"end":{"line":25,"column":22}},"loc":{"start":{"line":26,"column":14},"end":{"line":26,"column":66}},"line":26},"2":{"name":"(anonymous_2)","decl":{"start":{"line":39,"column":26},"end":{"line":39,"column":27}},"loc":{"start":{"line":39,"column":33},"end":{"line":39,"column":51}},"line":39},"3":{"name":"(anonymous_3)","decl":{"start":{"line":42,"column":29},"end":{"line":42,"column":30}},"loc":{"start":{"line":42,"column":35},"end":{"line":44,"column":13}},"line":42},"4":{"name":"(anonymous_4)","decl":{"start":{"line":50,"column":19},"end":{"line":50,"column":20}},"loc":{"start":{"line":50,"column":25},"end":{"line":50,"column":45}},"line":50}},"branchMap":{},"s":{"0":4,"1":7,"2":7,"3":1,"4":3,"5":1,"6":1},"f":{"0":7,"1":1,"2":3,"3":1,"4":1},"b":{},"_coverageSchema":"1a1c01bbd47fc00a2c39e90264f33305004495a9","hash":"b7bc1a5919e89a406f5f9117f3da89b1b3c207d1"}
,"/Users/akskulka3/ReactNativeTraining/PokemonCapstone/src/components/index.js": {"path":"/Users/akskulka3/ReactNativeTraining/PokemonCapstone/src/components/index.js","statementMap":{},"fnMap":{},"branchMap":{},"s":{},"f":{},"b":{},"_coverageSchema":"1a1c01bbd47fc00a2c39e90264f33305004495a9","hash":"8e3041470a316ceae75725fa4c311ba36a39aec7"}
,"/Users/akskulka3/ReactNativeTraining/PokemonCapstone/src/components/styles.js": {"path":"/Users/akskulka3/ReactNativeTraining/PokemonCapstone/src/components/styles.js","statementMap":{"0":{"start":{"line":5,"column":26},"end":{"line":30,"column":2}},"1":{"start":{"line":32,"column":29},"end":{"line":116,"column":2}},"2":{"start":{"line":118,"column":39},"end":{"line":172,"column":2}},"3":{"start":{"line":174,"column":38},"end":{"line":179,"column":2}}},"fnMap":{},"branchMap":{},"s":{"0":4,"1":4,"2":4,"3":4},"f":{},"b":{},"_coverageSchema":"1a1c01bbd47fc00a2c39e90264f33305004495a9","hash":"5311fee94f8b83767b808d22b77091bbbc5c86ba"}
,"/Users/akskulka3/ReactNativeTraining/PokemonCapstone/src/components/common/Button.js": {"path":"/Users/akskulka3/ReactNativeTraining/PokemonCapstone/src/components/common/Button.js","statementMap":{"0":{"start":{"line":5,"column":22},"end":{"line":17,"column":1}},"1":{"start":{"line":6,"column":57},"end":{"line":6,"column":62}},"2":{"start":{"line":8,"column":2},"end":{"line":16,"column":4}}},"fnMap":{"0":{"name":"(anonymous_0)","decl":{"start":{"line":5,"column":22},"end":{"line":5,"column":23}},"loc":{"start":{"line":5,"column":31},"end":{"line":17,"column":1}},"line":5}},"branchMap":{"0":{"loc":{"start":{"line":6,"column":9},"end":{"line":6,"column":23}},"type":"default-arg","locations":[{"start":{"line":6,"column":16},"end":{"line":6,"column":23}}],"line":6}},"s":{"0":5,"1":19,"2":19},"f":{"0":19},"b":{"0":[0]},"_coverageSchema":"1a1c01bbd47fc00a2c39e90264f33305004495a9","hash":"c1481794701230f1f6259c2e6f10350deeda5af5"}
,"/Users/akskulka3/ReactNativeTraining/PokemonCapstone/src/components/common/Checkbox.js": {"path":"/Users/akskulka3/ReactNativeTraining/PokemonCapstone/src/components/common/Checkbox.js","statementMap":{"0":{"start":{"line":6,"column":30},"end":{"line":24,"column":1}},"1":{"start":{"line":7,"column":2},"end":{"line":23,"column":4}},"2":{"start":{"line":12,"column":10},"end":{"line":16,"column":11}},"3":{"start":{"line":14,"column":36},"end":{"line":14,"column":47}}},"fnMap":{"0":{"name":"(anonymous_0)","decl":{"start":{"line":6,"column":30},"end":{"line":6,"column":31}},"loc":{"start":{"line":6,"column":64},"end":{"line":24,"column":1}},"line":6},"1":{"name":"(anonymous_1)","decl":{"start":{"line":11,"column":23},"end":{"line":11,"column":24}},"loc":{"start":{"line":12,"column":10},"end":{"line":16,"column":11}},"line":12},"2":{"name":"(anonymous_2)","decl":{"start":{"line":14,"column":31},"end":{"line":14,"column":32}},"loc":{"start":{"line":14,"column":36},"end":{"line":14,"column":47}},"line":14}},"branchMap":{"0":{"loc":{"start":{"line":13,"column":12},"end":{"line":15,"column":35}},"type":"cond-expr","locations":[{"start":{"line":14,"column":16},"end":{"line":14,"column":48}},{"start":{"line":15,"column":16},"end":{"line":15,"column":35}}],"line":13}},"s":{"0":5,"1":32,"2":4,"3":0},"f":{"0":32,"1":4,"2":0},"b":{"0":[0,4]},"_coverageSchema":"1a1c01bbd47fc00a2c39e90264f33305004495a9","hash":"a744b5614eebcd8514cf0fe9d472645e81f2f6e0"}
,"/Users/akskulka3/ReactNativeTraining/PokemonCapstone/src/components/common/Spinner.js": {"path":"/Users/akskulka3/ReactNativeTraining/PokemonCapstone/src/components/common/Spinner.js","statementMap":{"0":{"start":{"line":7,"column":23},"end":{"line":11,"column":1}},"1":{"start":{"line":8,"column":2},"end":{"line":10,"column":9}}},"fnMap":{"0":{"name":"(anonymous_0)","decl":{"start":{"line":7,"column":23},"end":{"line":7,"column":24}},"loc":{"start":{"line":8,"column":2},"end":{"line":10,"column":9}},"line":8}},"branchMap":{},"s":{"0":5,"1":2},"f":{"0":2},"b":{},"_coverageSchema":"1a1c01bbd47fc00a2c39e90264f33305004495a9","hash":"ce910f71d25308d835f2b72f736a11f8579594dc"}
,"/Users/akskulka3/ReactNativeTraining/PokemonCapstone/src/components/common/index.js": {"path":"/Users/akskulka3/ReactNativeTraining/PokemonCapstone/src/components/common/index.js","statementMap":{},"fnMap":{},"branchMap":{},"s":{},"f":{},"b":{},"_coverageSchema":"1a1c01bbd47fc00a2c39e90264f33305004495a9","hash":"df34593aeaf6d7c05c91bdb205fce8c06f7e85d1"}
,"/Users/akskulka3/ReactNativeTraining/PokemonCapstone/src/components/common/styles.js": {"path":"/Users/akskulka3/ReactNativeTraining/PokemonCapstone/src/components/common/styles.js","statementMap":{"0":{"start":{"line":5,"column":28},"end":{"line":30,"column":2}},"1":{"start":{"line":32,"column":30},"end":{"line":44,"column":2}},"2":{"start":{"line":46,"column":29},"end":{"line":52,"column":2}}},"fnMap":{},"branchMap":{},"s":{"0":5,"1":5,"2":5},"f":{},"b":{},"_coverageSchema":"1a1c01bbd47fc00a2c39e90264f33305004495a9","hash":"f2b4c14bfbf1e61c44355428ee78c9df42c6d4cd"}
,"/Users/akskulka3/ReactNativeTraining/PokemonCapstone/src/context/contextUtils.js": {"path":"/Users/akskulka3/ReactNativeTraining/PokemonCapstone/src/context/contextUtils.js","statementMap":{"0":{"start":{"line":4,"column":24},"end":{"line":11,"column":1}},"1":{"start":{"line":5,"column":2},"end":{"line":10,"column":4}},"2":{"start":{"line":9,"column":29},"end":{"line":9,"column":57}},"3":{"start":{"line":13,"column":28},"end":{"line":40,"column":1}},"4":{"start":{"line":19,"column":2},"end":{"line":39,"column":3}},"5":{"start":{"line":20,"column":28},"end":{"line":25,"column":5}},"6":{"start":{"line":22,"column":23},"end":{"line":22,"column":70}},"7":{"start":{"line":23,"column":8},"end":{"line":23,"column":40}},"8":{"start":{"line":27,"column":19},"end":{"line":27,"column":67}},"9":{"start":{"line":29,"column":4},"end":{"line":36,"column":30}},"10":{"start":{"line":32,"column":25},"end":{"line":32,"column":79}},"11":{"start":{"line":33,"column":10},"end":{"line":33,"column":70}},"12":{"start":{"line":36,"column":18},"end":{"line":36,"column":28}},"13":{"start":{"line":38,"column":4},"end":{"line":38,"column":14}}},"fnMap":{"0":{"name":"(anonymous_0)","decl":{"start":{"line":4,"column":24},"end":{"line":4,"column":25}},"loc":{"start":{"line":4,"column":56},"end":{"line":11,"column":1}},"line":4},"1":{"name":"(anonymous_1)","decl":{"start":{"line":9,"column":21},"end":{"line":9,"column":22}},"loc":{"start":{"line":9,"column":29},"end":{"line":9,"column":57}},"line":9},"2":{"name":"(anonymous_2)","decl":{"start":{"line":13,"column":28},"end":{"line":13,"column":29}},"loc":{"start":{"line":18,"column":5},"end":{"line":40,"column":1}},"line":18},"3":{"name":"(anonymous_3)","decl":{"start":{"line":21,"column":18},"end":{"line":21,"column":19}},"loc":{"start":{"line":21,"column":34},"end":{"line":24,"column":7}},"line":21},"4":{"name":"(anonymous_4)","decl":{"start":{"line":31,"column":19},"end":{"line":31,"column":20}},"loc":{"start":{"line":31,"column":30},"end":{"line":34,"column":9}},"line":31},"5":{"name":"(anonymous_5)","decl":{"start":{"line":36,"column":13},"end":{"line":36,"column":14}},"loc":{"start":{"line":36,"column":18},"end":{"line":36,"column":28}},"line":36}},"branchMap":{"0":{"loc":{"start":{"line":19,"column":2},"end":{"line":39,"column":3}},"type":"if","locations":[{"start":{"line":19,"column":2},"end":{"line":39,"column":3}},{"start":{"line":37,"column":9},"end":{"line":39,"column":3}}],"line":19},"1":{"loc":{"start":{"line":33,"column":17},"end":{"line":33,"column":69}},"type":"cond-expr","locations":[{"start":{"line":33,"column":34},"end":{"line":33,"column":38}},{"start":{"line":33,"column":41},"end":{"line":33,"column":69}}],"line":33}},"s":{"0":5,"1":5,"2":5,"3":5,"4":2,"5":1,"6":2,"7":2,"8":1,"9":1,"10":4,"11":4,"12":4,"13":1},"f":{"0":5,"1":5,"2":2,"3":2,"4":4,"5":4},"b":{"0":[1,1],"1":[0,4]},"_coverageSchema":"1a1c01bbd47fc00a2c39e90264f33305004495a9","hash":"f55918a1b6d380ba29d41cc0daae8377c4740b9a"}
,"/Users/akskulka3/ReactNativeTraining/PokemonCapstone/src/context/pokemonContext.js": {"path":"/Users/akskulka3/ReactNativeTraining/PokemonCapstone/src/context/pokemonContext.js","statementMap":{"0":{"start":{"line":9,"column":30},"end":{"line":9,"column":45}},"1":{"start":{"line":11,"column":31},"end":{"line":248,"column":1}},"2":{"start":{"line":12,"column":34},"end":{"line":12,"column":46}},"3":{"start":{"line":13,"column":46},"end":{"line":21,"column":4}},"4":{"start":{"line":22,"column":28},"end":{"line":22,"column":40}},"5":{"start":{"line":23,"column":44},"end":{"line":23,"column":56}},"6":{"start":{"line":24,"column":48},"end":{"line":24,"column":60}},"7":{"start":{"line":25,"column":50},"end":{"line":25,"column":65}},"8":{"start":{"line":26,"column":38},"end":{"line":26,"column":50}},"9":{"start":{"line":27,"column":38},"end":{"line":27,"column":49}},"10":{"start":{"line":28,"column":32},"end":{"line":28,"column":44}},"11":{"start":{"line":29,"column":32},"end":{"line":29,"column":47}},"12":{"start":{"line":30,"column":28},"end":{"line":30,"column":43}},"13":{"start":{"line":32,"column":2},"end":{"line":87,"column":71}},"14":{"start":{"line":33,"column":25},"end":{"line":82,"column":5}},"15":{"start":{"line":34,"column":6},"end":{"line":81,"column":7}},"16":{"start":{"line":35,"column":8},"end":{"line":35,"column":25}},"17":{"start":{"line":36,"column":8},"end":{"line":36,"column":24}},"18":{"start":{"line":38,"column":8},"end":{"line":74,"column":9}},"19":{"start":{"line":43,"column":10},"end":{"line":43,"column":50}},"20":{"start":{"line":45,"column":31},"end":{"line":45,"column":33}},"21":{"start":{"line":46,"column":33},"end":{"line":46,"column":35}},"22":{"start":{"line":48,"column":10},"end":{"line":55,"column":11}},"23":{"start":{"line":49,"column":12},"end":{"line":54,"column":14}},"24":{"start":{"line":57,"column":10},"end":{"line":64,"column":11}},"25":{"start":{"line":58,"column":12},"end":{"line":63,"column":14}},"26":{"start":{"line":66,"column":25},"end":{"line":70,"column":11}},"27":{"start":{"line":72,"column":10},"end":{"line":72,"column":30}},"28":{"start":{"line":73,"column":10},"end":{"line":73,"column":25}},"29":{"start":{"line":76,"column":8},"end":{"line":76,"column":27}},"30":{"start":{"line":77,"column":8},"end":{"line":77,"column":24}},"31":{"start":{"line":78,"column":8},"end":{"line":78,"column":44}},"32":{"start":{"line":80,"column":8},"end":{"line":80,"column":26}},"33":{"start":{"line":84,"column":4},"end":{"line":86,"column":5}},"34":{"start":{"line":85,"column":6},"end":{"line":85,"column":21}},"35":{"start":{"line":89,"column":24},"end":{"line":111,"column":3}},"36":{"start":{"line":90,"column":4},"end":{"line":110,"column":5}},"37":{"start":{"line":91,"column":6},"end":{"line":91,"column":23}},"38":{"start":{"line":92,"column":34},"end":{"line":92,"column":75}},"39":{"start":{"line":94,"column":6},"end":{"line":94,"column":35}},"40":{"start":{"line":95,"column":6},"end":{"line":95,"column":39}},"41":{"start":{"line":97,"column":6},"end":{"line":103,"column":9}},"42":{"start":{"line":98,"column":32},"end":{"line":98,"column":58}},"43":{"start":{"line":99,"column":25},"end":{"line":99,"column":49}},"44":{"start":{"line":101,"column":8},"end":{"line":101,"column":49}},"45":{"start":{"line":101,"column":28},"end":{"line":101,"column":47}},"46":{"start":{"line":102,"column":8},"end":{"line":102,"column":35}},"47":{"start":{"line":105,"column":6},"end":{"line":105,"column":25}},"48":{"start":{"line":106,"column":6},"end":{"line":106,"column":22}},"49":{"start":{"line":107,"column":6},"end":{"line":107,"column":42}},"50":{"start":{"line":109,"column":6},"end":{"line":109,"column":24}},"51":{"start":{"line":113,"column":30},"end":{"line":177,"column":3}},"52":{"start":{"line":114,"column":4},"end":{"line":176,"column":5}},"53":{"start":{"line":115,"column":6},"end":{"line":115,"column":23}},"54":{"start":{"line":117,"column":37},"end":{"line":117,"column":58}},"55":{"start":{"line":119,"column":34},"end":{"line":121,"column":7}},"56":{"start":{"line":123,"column":30},"end":{"line":123,"column":71}},"57":{"start":{"line":125,"column":37},"end":{"line":127,"column":7}},"58":{"start":{"line":129,"column":28},"end":{"line":137,"column":7}},"59":{"start":{"line":131,"column":26},"end":{"line":131,"column":36}},"60":{"start":{"line":132,"column":25},"end":{"line":132,"column":50}},"61":{"start":{"line":133,"column":10},"end":{"line":135,"column":12}},"62":{"start":{"line":134,"column":22},"end":{"line":134,"column":33}},"63":{"start":{"line":139,"column":20},"end":{"line":139,"column":40}},"64":{"start":{"line":140,"column":21},"end":{"line":140,"column":23}},"65":{"start":{"line":141,"column":6},"end":{"line":144,"column":66}},"66":{"start":{"line":142,"column":8},"end":{"line":142,"column":44}},"67":{"start":{"line":143,"column":8},"end":{"line":143,"column":43}},"68":{"start":{"line":146,"column":6},"end":{"line":170,"column":9}},"69":{"start":{"line":152,"column":25},"end":{"line":152,"column":49}},"70":{"start":{"line":157,"column":48},"end":{"line":157,"column":59}},"71":{"start":{"line":158,"column":56},"end":{"line":158,"column":66}},"72":{"start":{"line":160,"column":23},"end":{"line":160,"column":43}},"73":{"start":{"line":162,"column":50},"end":{"line":162,"column":64}},"74":{"start":{"line":165,"column":49},"end":{"line":168,"column":9}},"75":{"start":{"line":172,"column":6},"end":{"line":172,"column":25}},"76":{"start":{"line":173,"column":6},"end":{"line":173,"column":42}},"77":{"start":{"line":175,"column":6},"end":{"line":175,"column":24}},"78":{"start":{"line":179,"column":25},"end":{"line":203,"column":3}},"79":{"start":{"line":180,"column":4},"end":{"line":202,"column":5}},"80":{"start":{"line":181,"column":6},"end":{"line":181,"column":22}},"81":{"start":{"line":182,"column":6},"end":{"line":182,"column":46}},"82":{"start":{"line":184,"column":6},"end":{"line":201,"column":7}},"83":{"start":{"line":185,"column":8},"end":{"line":185,"column":25}},"84":{"start":{"line":186,"column":8},"end":{"line":186,"column":24}},"85":{"start":{"line":187,"column":8},"end":{"line":187,"column":23}},"86":{"start":{"line":189,"column":31},"end":{"line":189,"column":71}},"87":{"start":{"line":191,"column":25},"end":{"line":191,"column":48}},"88":{"start":{"line":193,"column":8},"end":{"line":193,"column":32}},"89":{"start":{"line":194,"column":8},"end":{"line":194,"column":34}},"90":{"start":{"line":196,"column":8},"end":{"line":198,"column":48}},"91":{"start":{"line":200,"column":8},"end":{"line":200,"column":26}},"92":{"start":{"line":205,"column":21},"end":{"line":215,"column":3}},"93":{"start":{"line":206,"column":4},"end":{"line":214,"column":5}},"94":{"start":{"line":207,"column":21},"end":{"line":207,"column":60}},"95":{"start":{"line":209,"column":20},"end":{"line":209,"column":55}},"96":{"start":{"line":209,"column":45},"end":{"line":209,"column":54}},"97":{"start":{"line":210,"column":6},"end":{"line":210,"column":22}},"98":{"start":{"line":212,"column":6},"end":{"line":212,"column":42}},"99":{"start":{"line":213,"column":6},"end":{"line":213,"column":33}},"100":{"start":{"line":217,"column":2},"end":{"line":247,"column":4}},"101":{"start":{"line":233,"column":10},"end":{"line":233,"column":36}},"102":{"start":{"line":234,"column":10},"end":{"line":234,"column":34}},"103":{"start":{"line":237,"column":10},"end":{"line":237,"column":36}},"104":{"start":{"line":238,"column":10},"end":{"line":238,"column":38}}},"fnMap":{"0":{"name":"(anonymous_0)","decl":{"start":{"line":11,"column":31},"end":{"line":11,"column":32}},"loc":{"start":{"line":11,"column":47},"end":{"line":248,"column":1}},"line":11},"1":{"name":"(anonymous_1)","decl":{"start":{"line":32,"column":12},"end":{"line":32,"column":13}},"loc":{"start":{"line":32,"column":18},"end":{"line":87,"column":3}},"line":32},"2":{"name":"(anonymous_2)","decl":{"start":{"line":33,"column":25},"end":{"line":33,"column":26}},"loc":{"start":{"line":33,"column":37},"end":{"line":82,"column":5}},"line":33},"3":{"name":"(anonymous_3)","decl":{"start":{"line":89,"column":24},"end":{"line":89,"column":25}},"loc":{"start":{"line":89,"column":37},"end":{"line":111,"column":3}},"line":89},"4":{"name":"(anonymous_4)","decl":{"start":{"line":97,"column":34},"end":{"line":97,"column":35}},"loc":{"start":{"line":97,"column":48},"end":{"line":103,"column":7}},"line":97},"5":{"name":"(anonymous_5)","decl":{"start":{"line":101,"column":20},"end":{"line":101,"column":21}},"loc":{"start":{"line":101,"column":28},"end":{"line":101,"column":47}},"line":101},"6":{"name":"(anonymous_6)","decl":{"start":{"line":113,"column":30},"end":{"line":113,"column":31}},"loc":{"start":{"line":113,"column":43},"end":{"line":177,"column":3}},"line":113},"7":{"name":"(anonymous_7)","decl":{"start":{"line":130,"column":33},"end":{"line":130,"column":34}},"loc":{"start":{"line":130,"column":44},"end":{"line":136,"column":9}},"line":130},"8":{"name":"(anonymous_8)","decl":{"start":{"line":134,"column":12},"end":{"line":134,"column":13}},"loc":{"start":{"line":134,"column":22},"end":{"line":134,"column":33}},"line":134},"9":{"name":"(anonymous_9)","decl":{"start":{"line":152,"column":20},"end":{"line":152,"column":21}},"loc":{"start":{"line":152,"column":25},"end":{"line":152,"column":49}},"line":152},"10":{"name":"(anonymous_10)","decl":{"start":{"line":157,"column":38},"end":{"line":157,"column":39}},"loc":{"start":{"line":157,"column":48},"end":{"line":157,"column":59}},"line":157},"11":{"name":"(anonymous_11)","decl":{"start":{"line":158,"column":47},"end":{"line":158,"column":48}},"loc":{"start":{"line":158,"column":56},"end":{"line":158,"column":66}},"line":158},"12":{"name":"(anonymous_12)","decl":{"start":{"line":160,"column":12},"end":{"line":160,"column":13}},"loc":{"start":{"line":160,"column":23},"end":{"line":160,"column":43}},"line":160},"13":{"name":"(anonymous_13)","decl":{"start":{"line":162,"column":42},"end":{"line":162,"column":43}},"loc":{"start":{"line":162,"column":50},"end":{"line":162,"column":64}},"line":162},"14":{"name":"(anonymous_14)","decl":{"start":{"line":165,"column":40},"end":{"line":165,"column":41}},"loc":{"start":{"line":165,"column":49},"end":{"line":168,"column":9}},"line":165},"15":{"name":"(anonymous_15)","decl":{"start":{"line":179,"column":25},"end":{"line":179,"column":26}},"loc":{"start":{"line":179,"column":38},"end":{"line":203,"column":3}},"line":179},"16":{"name":"(anonymous_16)","decl":{"start":{"line":205,"column":21},"end":{"line":205,"column":22}},"loc":{"start":{"line":205,"column":33},"end":{"line":215,"column":3}},"line":205},"17":{"name":"(anonymous_17)","decl":{"start":{"line":209,"column":37},"end":{"line":209,"column":38}},"loc":{"start":{"line":209,"column":45},"end":{"line":209,"column":54}},"line":209},"18":{"name":"(anonymous_18)","decl":{"start":{"line":232,"column":26},"end":{"line":232,"column":27}},"loc":{"start":{"line":232,"column":35},"end":{"line":235,"column":9}},"line":232},"19":{"name":"(anonymous_19)","decl":{"start":{"line":236,"column":28},"end":{"line":236,"column":29}},"loc":{"start":{"line":236,"column":39},"end":{"line":239,"column":9}},"line":236}},"branchMap":{"0":{"loc":{"start":{"line":38,"column":8},"end":{"line":74,"column":9}},"type":"if","locations":[{"start":{"line":38,"column":8},"end":{"line":74,"column":9}},{"start":{"line":44,"column":15},"end":{"line":74,"column":9}}],"line":38},"1":{"loc":{"start":{"line":39,"column":10},"end":{"line":41,"column":33}},"type":"binary-expr","locations":[{"start":{"line":39,"column":10},"end":{"line":39,"column":26}},{"start":{"line":40,"column":10},"end":{"line":40,"column":31}},{"start":{"line":41,"column":10},"end":{"line":41,"column":33}}],"line":39},"2":{"loc":{"start":{"line":48,"column":10},"end":{"line":55,"column":11}},"type":"if","locations":[{"start":{"line":48,"column":10},"end":{"line":55,"column":11}},{"start":{},"end":{}}],"line":48},"3":{"loc":{"start":{"line":57,"column":10},"end":{"line":64,"column":11}},"type":"if","locations":[{"start":{"line":57,"column":10},"end":{"line":64,"column":11}},{"start":{},"end":{}}],"line":57},"4":{"loc":{"start":{"line":67,"column":12},"end":{"line":67,"column":69}},"type":"cond-expr","locations":[{"start":{"line":67,"column":36},"end":{"line":67,"column":50}},{"start":{"line":67,"column":53},"end":{"line":67,"column":69}}],"line":67},"5":{"loc":{"start":{"line":68,"column":12},"end":{"line":68,"column":71}},"type":"cond-expr","locations":[{"start":{"line":68,"column":38},"end":{"line":68,"column":54}},{"start":{"line":68,"column":57},"end":{"line":68,"column":71}}],"line":68},"6":{"loc":{"start":{"line":84,"column":4},"end":{"line":86,"column":5}},"type":"if","locations":[{"start":{"line":84,"column":4},"end":{"line":86,"column":5}},{"start":{},"end":{}}],"line":84},"7":{"loc":{"start":{"line":144,"column":15},"end":{"line":144,"column":64}},"type":"binary-expr","locations":[{"start":{"line":144,"column":15},"end":{"line":144,"column":24}},{"start":{"line":144,"column":28},"end":{"line":144,"column":64}}],"line":144},"8":{"loc":{"start":{"line":151,"column":10},"end":{"line":153,"column":52}},"type":"binary-expr","locations":[{"start":{"line":151,"column":10},"end":{"line":153,"column":46}},{"start":{"line":153,"column":50},"end":{"line":153,"column":52}}],"line":151},"9":{"loc":{"start":{"line":180,"column":4},"end":{"line":202,"column":5}},"type":"if","locations":[{"start":{"line":180,"column":4},"end":{"line":202,"column":5}},{"start":{"line":183,"column":11},"end":{"line":202,"column":5}}],"line":180},"10":{"loc":{"start":{"line":196,"column":8},"end":{"line":198,"column":47}},"type":"cond-expr","locations":[{"start":{"line":197,"column":12},"end":{"line":197,"column":27}},{"start":{"line":198,"column":12},"end":{"line":198,"column":47}}],"line":196}},"s":{"0":5,"1":5,"2":63,"3":63,"4":63,"5":63,"6":63,"7":63,"8":63,"9":63,"10":63,"11":63,"12":63,"13":63,"14":9,"15":2,"16":2,"17":2,"18":2,"19":0,"20":2,"21":2,"22":2,"23":2,"24":2,"25":2,"26":2,"27":1,"28":1,"29":1,"30":1,"31":1,"32":2,"33":9,"34":2,"35":63,"36":7,"37":7,"38":7,"39":7,"40":7,"41":7,"42":7,"43":7,"44":7,"45":7,"46":7,"47":0,"48":0,"49":0,"50":7,"51":63,"52":6,"53":6,"54":6,"55":6,"56":5,"57":5,"58":0,"59":0,"60":0,"61":0,"62":0,"63":0,"64":0,"65":0,"66":0,"67":0,"68":0,"69":0,"70":0,"71":0,"72":0,"73":0,"74":0,"75":6,"76":6,"77":6,"78":63,"79":1,"80":1,"81":1,"82":0,"83":0,"84":0,"85":0,"86":0,"87":0,"88":0,"89":0,"90":0,"91":0,"92":63,"93":2,"94":2,"95":2,"96":1,"97":1,"98":1,"99":1,"100":63,"101":2,"102":2,"103":2,"104":2},"f":{"0":63,"1":9,"2":2,"3":7,"4":7,"5":7,"6":6,"7":0,"8":0,"9":0,"10":0,"11":0,"12":0,"13":0,"14":0,"15":1,"16":2,"17":1,"18":2,"19":2},"b":{"0":[0,2],"1":[2,2,0],"2":[2,0],"3":[2,0],"4":[1,0],"5":[1,0],"6":[2,7],"7":[0,0],"8":[0,0],"9":[1,0],"10":[0,0]},"_coverageSchema":"1a1c01bbd47fc00a2c39e90264f33305004495a9","hash":"41bdf45f2e16e1485d8a2a64acf0b0f783d03b89"}
,"/Users/akskulka3/ReactNativeTraining/PokemonCapstone/src/context/pokemonRepository.js": {"path":"/Users/akskulka3/ReactNativeTraining/PokemonCapstone/src/context/pokemonRepository.js","statementMap":{"0":{"start":{"line":5,"column":37},"end":{"line":7,"column":1}},"1":{"start":{"line":6,"column":2},"end":{"line":6,"column":67}},"2":{"start":{"line":9,"column":35},"end":{"line":11,"column":1}},"3":{"start":{"line":10,"column":2},"end":{"line":10,"column":77}},"4":{"start":{"line":10,"column":71},"end":{"line":10,"column":75}},"5":{"start":{"line":13,"column":26},"end":{"line":15,"column":1}},"6":{"start":{"line":14,"column":2},"end":{"line":14,"column":24}},"7":{"start":{"line":17,"column":42},"end":{"line":19,"column":1}},"8":{"start":{"line":18,"column":2},"end":{"line":18,"column":43}}},"fnMap":{"0":{"name":"(anonymous_0)","decl":{"start":{"line":5,"column":37},"end":{"line":5,"column":38}},"loc":{"start":{"line":5,"column":67},"end":{"line":7,"column":1}},"line":5},"1":{"name":"(anonymous_1)","decl":{"start":{"line":9,"column":35},"end":{"line":9,"column":36}},"loc":{"start":{"line":9,"column":49},"end":{"line":11,"column":1}},"line":9},"2":{"name":"(anonymous_2)","decl":{"start":{"line":10,"column":65},"end":{"line":10,"column":66}},"loc":{"start":{"line":10,"column":71},"end":{"line":10,"column":75}},"line":10},"3":{"name":"(anonymous_3)","decl":{"start":{"line":13,"column":26},"end":{"line":13,"column":27}},"loc":{"start":{"line":13,"column":39},"end":{"line":15,"column":1}},"line":13},"4":{"name":"(anonymous_4)","decl":{"start":{"line":17,"column":42},"end":{"line":17,"column":43}},"loc":{"start":{"line":17,"column":64},"end":{"line":19,"column":1}},"line":17}},"branchMap":{},"s":{"0":5,"1":1,"2":5,"3":2,"4":1,"5":5,"6":1,"7":5,"8":1},"f":{"0":1,"1":2,"2":1,"3":1,"4":1},"b":{},"_coverageSchema":"1a1c01bbd47fc00a2c39e90264f33305004495a9","hash":"37d9afa9230743fdb6c1cbd2e1dec2f39b0920ab"}
,"/Users/akskulka3/ReactNativeTraining/PokemonCapstone/src/screens/PokemonDetailsScreen/index.js": {"path":"/Users/akskulka3/ReactNativeTraining/PokemonCapstone/src/screens/PokemonDetailsScreen/index.js","statementMap":{"0":{"start":{"line":11,"column":36},"end":{"line":102,"column":1}},"1":{"start":{"line":20,"column":6},"end":{"line":20,"column":32}},"2":{"start":{"line":22,"column":36},"end":{"line":22,"column":61}},"3":{"start":{"line":24,"column":2},"end":{"line":26,"column":18}},"4":{"start":{"line":25,"column":4},"end":{"line":25,"column":63}},"5":{"start":{"line":28,"column":19},"end":{"line":28,"column":67}},"6":{"start":{"line":28,"column":38},"end":{"line":28,"column":60}},"7":{"start":{"line":29,"column":19},"end":{"line":29,"column":67}},"8":{"start":{"line":29,"column":38},"end":{"line":29,"column":60}},"9":{"start":{"line":31,"column":2},"end":{"line":33,"column":3}},"10":{"start":{"line":32,"column":4},"end":{"line":32,"column":23}},"11":{"start":{"line":35,"column":2},"end":{"line":37,"column":3}},"12":{"start":{"line":36,"column":4},"end":{"line":36,"column":32}},"13":{"start":{"line":39,"column":2},"end":{"line":101,"column":4}},"14":{"start":{"line":59,"column":10},"end":{"line":62,"column":17}},"15":{"start":{"line":67,"column":10},"end":{"line":70,"column":17}},"16":{"start":{"line":84,"column":33},"end":{"line":84,"column":66}},"17":{"start":{"line":84,"column":55},"end":{"line":84,"column":64}},"18":{"start":{"line":93,"column":33},"end":{"line":93,"column":66}},"19":{"start":{"line":93,"column":55},"end":{"line":93,"column":64}}},"fnMap":{"0":{"name":"(anonymous_0)","decl":{"start":{"line":11,"column":36},"end":{"line":11,"column":37}},"loc":{"start":{"line":11,"column":49},"end":{"line":102,"column":1}},"line":11},"1":{"name":"(anonymous_1)","decl":{"start":{"line":24,"column":12},"end":{"line":24,"column":13}},"loc":{"start":{"line":24,"column":18},"end":{"line":26,"column":3}},"line":24},"2":{"name":"(anonymous_2)","decl":{"start":{"line":28,"column":33},"end":{"line":28,"column":34}},"loc":{"start":{"line":28,"column":38},"end":{"line":28,"column":60}},"line":28},"3":{"name":"(anonymous_3)","decl":{"start":{"line":29,"column":33},"end":{"line":29,"column":34}},"loc":{"start":{"line":29,"column":38},"end":{"line":29,"column":60}},"line":29},"4":{"name":"(anonymous_4)","decl":{"start":{"line":58,"column":55},"end":{"line":58,"column":56}},"loc":{"start":{"line":59,"column":10},"end":{"line":62,"column":17}},"line":59},"5":{"name":"(anonymous_5)","decl":{"start":{"line":66,"column":34},"end":{"line":66,"column":35}},"loc":{"start":{"line":67,"column":10},"end":{"line":70,"column":17}},"line":67},"6":{"name":"(anonymous_6)","decl":{"start":{"line":84,"column":27},"end":{"line":84,"column":28}},"loc":{"start":{"line":84,"column":33},"end":{"line":84,"column":66}},"line":84},"7":{"name":"(anonymous_7)","decl":{"start":{"line":84,"column":46},"end":{"line":84,"column":47}},"loc":{"start":{"line":84,"column":55},"end":{"line":84,"column":64}},"line":84},"8":{"name":"(anonymous_8)","decl":{"start":{"line":93,"column":27},"end":{"line":93,"column":28}},"loc":{"start":{"line":93,"column":33},"end":{"line":93,"column":66}},"line":93},"9":{"name":"(anonymous_9)","decl":{"start":{"line":93,"column":46},"end":{"line":93,"column":47}},"loc":{"start":{"line":93,"column":55},"end":{"line":93,"column":64}},"line":93}},"branchMap":{"0":{"loc":{"start":{"line":31,"column":2},"end":{"line":33,"column":3}},"type":"if","locations":[{"start":{"line":31,"column":2},"end":{"line":33,"column":3}},{"start":{},"end":{}}],"line":31},"1":{"loc":{"start":{"line":35,"column":2},"end":{"line":37,"column":3}},"type":"if","locations":[{"start":{"line":35,"column":2},"end":{"line":37,"column":3}},{"start":{},"end":{}}],"line":35},"2":{"loc":{"start":{"line":46,"column":13},"end":{"line":51,"column":13}},"type":"binary-expr","locations":[{"start":{"line":46,"column":13},"end":{"line":46,"column":36}},{"start":{"line":47,"column":14},"end":{"line":50,"column":16}}],"line":46},"3":{"loc":{"start":{"line":61,"column":19},"end":{"line":61,"column":66}},"type":"cond-expr","locations":[{"start":{"line":61,"column":42},"end":{"line":61,"column":58}},{"start":{"line":61,"column":61},"end":{"line":61,"column":66}}],"line":61},"4":{"loc":{"start":{"line":81,"column":11},"end":{"line":88,"column":11}},"type":"binary-expr","locations":[{"start":{"line":81,"column":11},"end":{"line":81,"column":24}},{"start":{"line":81,"column":28},"end":{"line":81,"column":45}},{"start":{"line":82,"column":12},"end":{"line":87,"column":21}}],"line":81},"5":{"loc":{"start":{"line":90,"column":11},"end":{"line":97,"column":11}},"type":"binary-expr","locations":[{"start":{"line":90,"column":11},"end":{"line":90,"column":33}},{"start":{"line":90,"column":37},"end":{"line":90,"column":54}},{"start":{"line":91,"column":12},"end":{"line":96,"column":21}}],"line":90}},"s":{"0":1,"1":5,"2":5,"3":5,"4":5,"5":5,"6":8,"7":5,"8":5,"9":5,"10":1,"11":4,"12":1,"13":3,"14":2,"15":2,"16":0,"17":0,"18":0,"19":0},"f":{"0":5,"1":5,"2":8,"3":5,"4":2,"5":2,"6":0,"7":0,"8":0,"9":0},"b":{"0":[1,4],"1":[1,3],"2":[3,0],"3":[0,2],"4":[3,2,2],"5":[3,0,0]},"_coverageSchema":"1a1c01bbd47fc00a2c39e90264f33305004495a9","hash":"2a6343ce0232e35119886212b218fc36a2f72778"}
,"/Users/akskulka3/ReactNativeTraining/PokemonCapstone/src/screens/PokemonDetailsScreen/styles.js": {"path":"/Users/akskulka3/ReactNativeTraining/PokemonCapstone/src/screens/PokemonDetailsScreen/styles.js","statementMap":{"0":{"start":{"line":5,"column":22},"end":{"line":68,"column":2}}},"fnMap":{},"branchMap":{},"s":{"0":1},"f":{},"b":{},"_coverageSchema":"1a1c01bbd47fc00a2c39e90264f33305004495a9","hash":"5174829eb8ac81c25c8dde009efbc5cbd18d0d02"}
,"/Users/akskulka3/ReactNativeTraining/PokemonCapstone/src/screens/PokemonListingScreen/index.js": {"path":"/Users/akskulka3/ReactNativeTraining/PokemonCapstone/src/screens/PokemonListingScreen/index.js","statementMap":{"0":{"start":{"line":17,"column":36},"end":{"line":98,"column":1}},"1":{"start":{"line":19,"column":4},"end":{"line":19,"column":30}},"2":{"start":{"line":21,"column":40},"end":{"line":21,"column":55}},"3":{"start":{"line":22,"column":40},"end":{"line":22,"column":55}},"4":{"start":{"line":24,"column":2},"end":{"line":27,"column":9}},"5":{"start":{"line":25,"column":4},"end":{"line":25,"column":22}},"6":{"start":{"line":26,"column":4},"end":{"line":26,"column":17}},"7":{"start":{"line":29,"column":26},"end":{"line":31,"column":3}},"8":{"start":{"line":30,"column":4},"end":{"line":30,"column":44}},"9":{"start":{"line":33,"column":25},"end":{"line":41,"column":3}},"10":{"start":{"line":34,"column":4},"end":{"line":36,"column":5}},"11":{"start":{"line":35,"column":6},"end":{"line":35,"column":18}},"12":{"start":{"line":38,"column":4},"end":{"line":40,"column":5}},"13":{"start":{"line":39,"column":6},"end":{"line":39,"column":29}},"14":{"start":{"line":43,"column":2},"end":{"line":45,"column":3}},"15":{"start":{"line":44,"column":4},"end":{"line":44,"column":32}},"16":{"start":{"line":47,"column":2},"end":{"line":97,"column":4}},"17":{"start":{"line":52,"column":32},"end":{"line":52,"column":39}},"18":{"start":{"line":54,"column":29},"end":{"line":54,"column":75}},"19":{"start":{"line":54,"column":54},"end":{"line":54,"column":74}},"20":{"start":{"line":56,"column":12},"end":{"line":58,"column":13}},"21":{"start":{"line":57,"column":14},"end":{"line":57,"column":41}},"22":{"start":{"line":60,"column":12},"end":{"line":77,"column":14}},"23":{"start":{"line":63,"column":18},"end":{"line":66,"column":20}},"24":{"start":{"line":90,"column":26},"end":{"line":90,"column":46}}},"fnMap":{"0":{"name":"(anonymous_0)","decl":{"start":{"line":17,"column":36},"end":{"line":17,"column":37}},"loc":{"start":{"line":17,"column":54},"end":{"line":98,"column":1}},"line":17},"1":{"name":"(anonymous_1)","decl":{"start":{"line":24,"column":12},"end":{"line":24,"column":13}},"loc":{"start":{"line":24,"column":18},"end":{"line":27,"column":3}},"line":24},"2":{"name":"(anonymous_2)","decl":{"start":{"line":29,"column":26},"end":{"line":29,"column":27}},"loc":{"start":{"line":29,"column":38},"end":{"line":31,"column":3}},"line":29},"3":{"name":"(anonymous_3)","decl":{"start":{"line":33,"column":25},"end":{"line":33,"column":26}},"loc":{"start":{"line":33,"column":37},"end":{"line":41,"column":3}},"line":33},"4":{"name":"(anonymous_4)","decl":{"start":{"line":52,"column":24},"end":{"line":52,"column":25}},"loc":{"start":{"line":52,"column":32},"end":{"line":52,"column":39}},"line":52},"5":{"name":"(anonymous_5)","decl":{"start":{"line":53,"column":22},"end":{"line":53,"column":23}},"loc":{"start":{"line":53,"column":34},"end":{"line":78,"column":11}},"line":53},"6":{"name":"(anonymous_6)","decl":{"start":{"line":54,"column":46},"end":{"line":54,"column":47}},"loc":{"start":{"line":54,"column":54},"end":{"line":54,"column":74}},"line":54},"7":{"name":"(anonymous_7)","decl":{"start":{"line":62,"column":25},"end":{"line":62,"column":26}},"loc":{"start":{"line":63,"column":18},"end":{"line":66,"column":20}},"line":63},"8":{"name":"(anonymous_8)","decl":{"start":{"line":90,"column":20},"end":{"line":90,"column":21}},"loc":{"start":{"line":90,"column":26},"end":{"line":90,"column":46}},"line":90}},"branchMap":{"0":{"loc":{"start":{"line":34,"column":4},"end":{"line":36,"column":5}},"type":"if","locations":[{"start":{"line":34,"column":4},"end":{"line":36,"column":5}},{"start":{},"end":{}}],"line":34},"1":{"loc":{"start":{"line":38,"column":4},"end":{"line":40,"column":5}},"type":"if","locations":[{"start":{"line":38,"column":4},"end":{"line":40,"column":5}},{"start":{},"end":{}}],"line":38},"2":{"loc":{"start":{"line":43,"column":2},"end":{"line":45,"column":3}},"type":"if","locations":[{"start":{"line":43,"column":2},"end":{"line":45,"column":3}},{"start":{},"end":{}}],"line":43},"3":{"loc":{"start":{"line":56,"column":12},"end":{"line":58,"column":13}},"type":"if","locations":[{"start":{"line":56,"column":12},"end":{"line":58,"column":13}},{"start":{},"end":{}}],"line":56},"4":{"loc":{"start":{"line":79,"column":30},"end":{"line":79,"column":62}},"type":"binary-expr","locations":[{"start":{"line":79,"column":30},"end":{"line":79,"column":38}},{"start":{"line":79,"column":42},"end":{"line":79,"column":62}}],"line":79},"5":{"loc":{"start":{"line":81,"column":12},"end":{"line":85,"column":13}},"type":"cond-expr","locations":[{"start":{"line":82,"column":14},"end":{"line":82,"column":25}},{"start":{"line":84,"column":14},"end":{"line":84,"column":67}}],"line":81},"6":{"loc":{"start":{"line":81,"column":12},"end":{"line":81,"column":39}},"type":"binary-expr","locations":[{"start":{"line":81,"column":12},"end":{"line":81,"column":28}},{"start":{"line":81,"column":32},"end":{"line":81,"column":39}}],"line":81}},"s":{"0":1,"1":5,"2":5,"3":5,"4":5,"5":4,"6":4,"7":5,"8":4,"9":5,"10":1,"11":1,"12":0,"13":0,"14":5,"15":1,"16":4,"17":3,"18":3,"19":3,"20":3,"21":3,"22":3,"23":1,"24":1},"f":{"0":5,"1":4,"2":4,"3":1,"4":3,"5":3,"6":3,"7":1,"8":1},"b":{"0":[1,0],"1":[0,0],"2":[1,4],"3":[3,0],"4":[4,4],"5":[0,4],"6":[4,1]},"_coverageSchema":"1a1c01bbd47fc00a2c39e90264f33305004495a9","hash":"edc8a8869a4425d09f4935a8a041de1669aeab1c"}
,"/Users/akskulka3/ReactNativeTraining/PokemonCapstone/src/screens/PokemonListingScreen/styles.js": {"path":"/Users/akskulka3/ReactNativeTraining/PokemonCapstone/src/screens/PokemonListingScreen/styles.js","statementMap":{},"fnMap":{},"branchMap":{},"s":{},"f":{},"b":{},"_coverageSchema":"1a1c01bbd47fc00a2c39e90264f33305004495a9","hash":"69abf2766a9dae888ab8363b7d5ad6173206bc04"}
}
