{"/Users/akskulka3/ReactNativeTraining/PokemonCapstone/src/constants.js": {"path":"/Users/akskulka3/ReactNativeTraining/PokemonCapstone/src/constants.js","statementMap":{"0":{"start":{"line":1,"column":28},"end":{"line":4,"column":1}},"1":{"start":{"line":6,"column":28},"end":{"line":6,"column":56}},"2":{"start":{"line":8,"column":22},"end":{"line":13,"column":1}},"3":{"start":{"line":15,"column":30},"end":{"line":36,"column":1}}},"fnMap":{},"branchMap":{},"s":{"0":5,"1":5,"2":5,"3":5},"f":{},"b":{},"_coverageSchema":"1a1c01bbd47fc00a2c39e90264f33305004495a9","hash":"ab8ab25caee8471d3f298c7783afdcc7f2042eae"}
,"/Users/akskulka3/ReactNativeTraining/PokemonCapstone/src/assets/images/filter.png": {"path":"/Users/akskulka3/ReactNativeTraining/PokemonCapstone/src/assets/images/filter.png","statementMap":{"0":{"start":{"line":1,"column":0},"end":{"line":4,"column":6}}},"fnMap":{},"branchMap":{},"s":{"0":3},"f":{},"b":{},"_coverageSchema":"1a1c01bbd47fc00a2c39e90264f33305004495a9","hash":"b5634e442691e1178df6b198a144788f4517c0a7"}
,"/Users/akskulka3/ReactNativeTraining/PokemonCapstone/src/assets/images/search.png": {"path":"/Users/akskulka3/ReactNativeTraining/PokemonCapstone/src/assets/images/search.png","statementMap":{"0":{"start":{"line":1,"column":0},"end":{"line":4,"column":6}}},"fnMap":{},"branchMap":{},"s":{"0":3},"f":{},"b":{},"_coverageSchema":"1a1c01bbd47fc00a2c39e90264f33305004495a9","hash":"a8a36314398147871e17a7b87cf16f44c2066e67"}
,"/Users/akskulka3/ReactNativeTraining/PokemonCapstone/src/components/Card.js": {"path":"/Users/akskulka3/ReactNativeTraining/PokemonCapstone/src/components/Card.js","statementMap":{"0":{"start":{"line":6,"column":20},"end":{"line":17,"column":1}},"1":{"start":{"line":7,"column":2},"end":{"line":16,"column":4}}},"fnMap":{"0":{"name":"(anonymous_0)","decl":{"start":{"line":6,"column":20},"end":{"line":6,"column":21}},"loc":{"start":{"line":6,"column":62},"end":{"line":17,"column":1}},"line":6}},"branchMap":{},"s":{"0":4,"1":1},"f":{"0":1},"b":{},"_coverageSchema":"1a1c01bbd47fc00a2c39e90264f33305004495a9","hash":"a9a0346c3fffdb87ffcc32c17dac0254aea23ae8"}
,"/Users/akskulka3/ReactNativeTraining/PokemonCapstone/src/components/Filters.js": {"path":"/Users/akskulka3/ReactNativeTraining/PokemonCapstone/src/components/Filters.js","statementMap":{"0":{"start":{"line":10,"column":23},"end":{"line":101,"column":1}},"1":{"start":{"line":12,"column":4},"end":{"line":12,"column":30}},"2":{"start":{"line":14,"column":42},"end":{"line":14,"column":54}},"3":{"start":{"line":15,"column":46},"end":{"line":15,"column":58}},"4":{"start":{"line":17,"column":40},"end":{"line":17,"column":45}},"5":{"start":{"line":19,"column":2},"end":{"line":100,"column":4}},"6":{"start":{"line":26,"column":27},"end":{"line":26,"column":48}},"7":{"start":{"line":38,"column":34},"end":{"line":38,"column":38}},"8":{"start":{"line":40,"column":14},"end":{"line":46,"column":21}},"9":{"start":{"line":58,"column":34},"end":{"line":58,"column":38}},"10":{"start":{"line":60,"column":14},"end":{"line":66,"column":21}},"11":{"start":{"line":78,"column":14},"end":{"line":78,"column":34}},"12":{"start":{"line":79,"column":14},"end":{"line":79,"column":35}},"13":{"start":{"line":80,"column":14},"end":{"line":80,"column":36}},"14":{"start":{"line":81,"column":14},"end":{"line":81,"column":37}},"15":{"start":{"line":82,"column":14},"end":{"line":82,"column":36}},"16":{"start":{"line":90,"column":14},"end":{"line":90,"column":50}},"17":{"start":{"line":91,"column":14},"end":{"line":91,"column":54}},"18":{"start":{"line":92,"column":14},"end":{"line":92,"column":36}}},"fnMap":{"0":{"name":"(anonymous_0)","decl":{"start":{"line":10,"column":23},"end":{"line":10,"column":24}},"loc":{"start":{"line":10,"column":32},"end":{"line":101,"column":1}},"line":10},"1":{"name":"(anonymous_1)","decl":{"start":{"line":26,"column":21},"end":{"line":26,"column":22}},"loc":{"start":{"line":26,"column":27},"end":{"line":26,"column":48}},"line":26},"2":{"name":"(anonymous_2)","decl":{"start":{"line":38,"column":26},"end":{"line":38,"column":27}},"loc":{"start":{"line":38,"column":34},"end":{"line":38,"column":38}},"line":38},"3":{"name":"(anonymous_3)","decl":{"start":{"line":39,"column":24},"end":{"line":39,"column":25}},"loc":{"start":{"line":40,"column":14},"end":{"line":46,"column":21}},"line":40},"4":{"name":"(anonymous_4)","decl":{"start":{"line":58,"column":26},"end":{"line":58,"column":27}},"loc":{"start":{"line":58,"column":34},"end":{"line":58,"column":38}},"line":58},"5":{"name":"(anonymous_5)","decl":{"start":{"line":59,"column":24},"end":{"line":59,"column":25}},"loc":{"start":{"line":60,"column":14},"end":{"line":66,"column":21}},"line":60},"6":{"name":"(anonymous_6)","decl":{"start":{"line":77,"column":25},"end":{"line":77,"column":26}},"loc":{"start":{"line":77,"column":31},"end":{"line":83,"column":13}},"line":77},"7":{"name":"(anonymous_7)","decl":{"start":{"line":89,"column":25},"end":{"line":89,"column":26}},"loc":{"start":{"line":89,"column":31},"end":{"line":93,"column":13}},"line":89}},"branchMap":{},"s":{"0":4,"1":10,"2":10,"3":10,"4":10,"5":10,"6":1,"7":7,"8":7,"9":24,"10":24,"11":1,"12":1,"13":1,"14":1,"15":1,"16":1,"17":1,"18":1},"f":{"0":10,"1":1,"2":7,"3":7,"4":24,"5":24,"6":1,"7":1},"b":{},"_coverageSchema":"1a1c01bbd47fc00a2c39e90264f33305004495a9","hash":"007daa89ba2bf365920c601bc41f3715e80b219e"}
,"/Users/akskulka3/ReactNativeTraining/PokemonCapstone/src/components/PokemonEmptyList.js": {"path":"/Users/akskulka3/ReactNativeTraining/PokemonCapstone/src/components/PokemonEmptyList.js","statementMap":{"0":{"start":{"line":5,"column":32},"end":{"line":7,"column":1}},"1":{"start":{"line":6,"column":2},"end":{"line":6,"column":76}}},"fnMap":{"0":{"name":"(anonymous_0)","decl":{"start":{"line":5,"column":32},"end":{"line":5,"column":33}},"loc":{"start":{"line":5,"column":38},"end":{"line":7,"column":1}},"line":5}},"branchMap":{},"s":{"0":4,"1":2},"f":{"0":2},"b":{},"_coverageSchema":"1a1c01bbd47fc00a2c39e90264f33305004495a9","hash":"6499736f4ec2963d7419dc864442aa16baae3705"}
,"/Users/akskulka3/ReactNativeTraining/PokemonCapstone/src/components/PokemonListHeader.js": {"path":"/Users/akskulka3/ReactNativeTraining/PokemonCapstone/src/components/PokemonListHeader.js","statementMap":{"0":{"start":{"line":10,"column":33},"end":{"line":60,"column":1}},"1":{"start":{"line":12,"column":4},"end":{"line":12,"column":30}},"2":{"start":{"line":14,"column":2},"end":{"line":59,"column":4}},"3":{"start":{"line":26,"column":14},"end":{"line":26,"column":66}},"4":{"start":{"line":39,"column":33},"end":{"line":39,"column":51}},"5":{"start":{"line":43,"column":14},"end":{"line":43,"column":67}},"6":{"start":{"line":50,"column":25},"end":{"line":50,"column":45}}},"fnMap":{"0":{"name":"(anonymous_0)","decl":{"start":{"line":10,"column":33},"end":{"line":10,"column":34}},"loc":{"start":{"line":10,"column":55},"end":{"line":60,"column":1}},"line":10},"1":{"name":"(anonymous_1)","decl":{"start":{"line":25,"column":21},"end":{"line":25,"column":22}},"loc":{"start":{"line":26,"column":14},"end":{"line":26,"column":66}},"line":26},"2":{"name":"(anonymous_2)","decl":{"start":{"line":39,"column":26},"end":{"line":39,"column":27}},"loc":{"start":{"line":39,"column":33},"end":{"line":39,"column":51}},"line":39},"3":{"name":"(anonymous_3)","decl":{"start":{"line":42,"column":29},"end":{"line":42,"column":30}},"loc":{"start":{"line":42,"column":35},"end":{"line":44,"column":13}},"line":42},"4":{"name":"(anonymous_4)","decl":{"start":{"line":50,"column":19},"end":{"line":50,"column":20}},"loc":{"start":{"line":50,"column":25},"end":{"line":50,"column":45}},"line":50}},"branchMap":{},"s":{"0":4,"1":4,"2":4,"3":1,"4":3,"5":1,"6":1},"f":{"0":4,"1":1,"2":3,"3":1,"4":1},"b":{},"_coverageSchema":"1a1c01bbd47fc00a2c39e90264f33305004495a9","hash":"b7bc1a5919e89a406f5f9117f3da89b1b3c207d1"}
,"/Users/akskulka3/ReactNativeTraining/PokemonCapstone/src/components/index.js": {"path":"/Users/akskulka3/ReactNativeTraining/PokemonCapstone/src/components/index.js","statementMap":{},"fnMap":{},"branchMap":{},"s":{},"f":{},"b":{},"_coverageSchema":"1a1c01bbd47fc00a2c39e90264f33305004495a9","hash":"8e3041470a316ceae75725fa4c311ba36a39aec7"}
,"/Users/akskulka3/ReactNativeTraining/PokemonCapstone/src/components/styles.js": {"path":"/Users/akskulka3/ReactNativeTraining/PokemonCapstone/src/components/styles.js","statementMap":{"0":{"start":{"line":5,"column":26},"end":{"line":30,"column":2}},"1":{"start":{"line":32,"column":29},"end":{"line":116,"column":2}},"2":{"start":{"line":118,"column":39},"end":{"line":172,"column":2}},"3":{"start":{"line":174,"column":38},"end":{"line":179,"column":2}}},"fnMap":{},"branchMap":{},"s":{"0":4,"1":4,"2":4,"3":4},"f":{},"b":{},"_coverageSchema":"1a1c01bbd47fc00a2c39e90264f33305004495a9","hash":"5311fee94f8b83767b808d22b77091bbbc5c86ba"}
,"/Users/akskulka3/ReactNativeTraining/PokemonCapstone/src/components/common/Button.js": {"path":"/Users/akskulka3/ReactNativeTraining/PokemonCapstone/src/components/common/Button.js","statementMap":{"0":{"start":{"line":5,"column":22},"end":{"line":17,"column":1}},"1":{"start":{"line":6,"column":57},"end":{"line":6,"column":62}},"2":{"start":{"line":8,"column":2},"end":{"line":16,"column":4}}},"fnMap":{"0":{"name":"(anonymous_0)","decl":{"start":{"line":5,"column":22},"end":{"line":5,"column":23}},"loc":{"start":{"line":5,"column":31},"end":{"line":17,"column":1}},"line":5}},"branchMap":{"0":{"loc":{"start":{"line":6,"column":9},"end":{"line":6,"column":23}},"type":"default-arg","locations":[{"start":{"line":6,"column":16},"end":{"line":6,"column":23}}],"line":6}},"s":{"0":5,"1":17,"2":17},"f":{"0":17},"b":{"0":[0]},"_coverageSchema":"1a1c01bbd47fc00a2c39e90264f33305004495a9","hash":"c1481794701230f1f6259c2e6f10350deeda5af5"}
,"/Users/akskulka3/ReactNativeTraining/PokemonCapstone/src/components/common/Checkbox.js": {"path":"/Users/akskulka3/ReactNativeTraining/PokemonCapstone/src/components/common/Checkbox.js","statementMap":{"0":{"start":{"line":6,"column":30},"end":{"line":24,"column":1}},"1":{"start":{"line":7,"column":2},"end":{"line":23,"column":4}},"2":{"start":{"line":12,"column":10},"end":{"line":16,"column":11}},"3":{"start":{"line":14,"column":36},"end":{"line":14,"column":47}}},"fnMap":{"0":{"name":"(anonymous_0)","decl":{"start":{"line":6,"column":30},"end":{"line":6,"column":31}},"loc":{"start":{"line":6,"column":64},"end":{"line":24,"column":1}},"line":6},"1":{"name":"(anonymous_1)","decl":{"start":{"line":11,"column":23},"end":{"line":11,"column":24}},"loc":{"start":{"line":12,"column":10},"end":{"line":16,"column":11}},"line":12},"2":{"name":"(anonymous_2)","decl":{"start":{"line":14,"column":31},"end":{"line":14,"column":32}},"loc":{"start":{"line":14,"column":36},"end":{"line":14,"column":47}},"line":14}},"branchMap":{"0":{"loc":{"start":{"line":13,"column":12},"end":{"line":15,"column":35}},"type":"cond-expr","locations":[{"start":{"line":14,"column":16},"end":{"line":14,"column":48}},{"start":{"line":15,"column":16},"end":{"line":15,"column":35}}],"line":13}},"s":{"0":5,"1":32,"2":4,"3":0},"f":{"0":32,"1":4,"2":0},"b":{"0":[0,4]},"_coverageSchema":"1a1c01bbd47fc00a2c39e90264f33305004495a9","hash":"a744b5614eebcd8514cf0fe9d472645e81f2f6e0"}
,"/Users/akskulka3/ReactNativeTraining/PokemonCapstone/src/components/common/Spinner.js": {"path":"/Users/akskulka3/ReactNativeTraining/PokemonCapstone/src/components/common/Spinner.js","statementMap":{"0":{"start":{"line":7,"column":23},"end":{"line":11,"column":1}},"1":{"start":{"line":8,"column":2},"end":{"line":10,"column":9}}},"fnMap":{"0":{"name":"(anonymous_0)","decl":{"start":{"line":7,"column":23},"end":{"line":7,"column":24}},"loc":{"start":{"line":8,"column":2},"end":{"line":10,"column":9}},"line":8}},"branchMap":{},"s":{"0":5,"1":1},"f":{"0":1},"b":{},"_coverageSchema":"1a1c01bbd47fc00a2c39e90264f33305004495a9","hash":"ce910f71d25308d835f2b72f736a11f8579594dc"}
,"/Users/akskulka3/ReactNativeTraining/PokemonCapstone/src/components/common/index.js": {"path":"/Users/akskulka3/ReactNativeTraining/PokemonCapstone/src/components/common/index.js","statementMap":{},"fnMap":{},"branchMap":{},"s":{},"f":{},"b":{},"_coverageSchema":"1a1c01bbd47fc00a2c39e90264f33305004495a9","hash":"df34593aeaf6d7c05c91bdb205fce8c06f7e85d1"}
,"/Users/akskulka3/ReactNativeTraining/PokemonCapstone/src/components/common/styles.js": {"path":"/Users/akskulka3/ReactNativeTraining/PokemonCapstone/src/components/common/styles.js","statementMap":{"0":{"start":{"line":5,"column":28},"end":{"line":30,"column":2}},"1":{"start":{"line":32,"column":30},"end":{"line":44,"column":2}},"2":{"start":{"line":46,"column":29},"end":{"line":52,"column":2}}},"fnMap":{},"branchMap":{},"s":{"0":5,"1":5,"2":5},"f":{},"b":{},"_coverageSchema":"1a1c01bbd47fc00a2c39e90264f33305004495a9","hash":"f2b4c14bfbf1e61c44355428ee78c9df42c6d4cd"}
,"/Users/akskulka3/ReactNativeTraining/PokemonCapstone/src/context/pokemonContext.js": {"path":"/Users/akskulka3/ReactNativeTraining/PokemonCapstone/src/context/pokemonContext.js","statementMap":{"0":{"start":{"line":7,"column":30},"end":{"line":7,"column":45}},"1":{"start":{"line":9,"column":24},"end":{"line":16,"column":1}},"2":{"start":{"line":10,"column":2},"end":{"line":15,"column":4}},"3":{"start":{"line":14,"column":29},"end":{"line":14,"column":57}},"4":{"start":{"line":18,"column":31},"end":{"line":293,"column":1}},"5":{"start":{"line":19,"column":34},"end":{"line":19,"column":46}},"6":{"start":{"line":20,"column":46},"end":{"line":28,"column":4}},"7":{"start":{"line":29,"column":28},"end":{"line":29,"column":40}},"8":{"start":{"line":30,"column":44},"end":{"line":30,"column":56}},"9":{"start":{"line":31,"column":48},"end":{"line":31,"column":60}},"10":{"start":{"line":32,"column":50},"end":{"line":32,"column":65}},"11":{"start":{"line":33,"column":38},"end":{"line":33,"column":50}},"12":{"start":{"line":34,"column":38},"end":{"line":34,"column":49}},"13":{"start":{"line":35,"column":32},"end":{"line":35,"column":44}},"14":{"start":{"line":36,"column":32},"end":{"line":36,"column":47}},"15":{"start":{"line":37,"column":28},"end":{"line":37,"column":43}},"16":{"start":{"line":39,"column":2},"end":{"line":94,"column":71}},"17":{"start":{"line":40,"column":25},"end":{"line":89,"column":5}},"18":{"start":{"line":41,"column":6},"end":{"line":88,"column":7}},"19":{"start":{"line":42,"column":8},"end":{"line":42,"column":25}},"20":{"start":{"line":43,"column":8},"end":{"line":43,"column":24}},"21":{"start":{"line":45,"column":8},"end":{"line":81,"column":9}},"22":{"start":{"line":50,"column":10},"end":{"line":50,"column":50}},"23":{"start":{"line":52,"column":31},"end":{"line":52,"column":33}},"24":{"start":{"line":53,"column":33},"end":{"line":53,"column":35}},"25":{"start":{"line":55,"column":10},"end":{"line":62,"column":11}},"26":{"start":{"line":56,"column":12},"end":{"line":61,"column":14}},"27":{"start":{"line":64,"column":10},"end":{"line":71,"column":11}},"28":{"start":{"line":65,"column":12},"end":{"line":70,"column":14}},"29":{"start":{"line":73,"column":25},"end":{"line":77,"column":11}},"30":{"start":{"line":79,"column":10},"end":{"line":79,"column":30}},"31":{"start":{"line":80,"column":10},"end":{"line":80,"column":25}},"32":{"start":{"line":83,"column":8},"end":{"line":83,"column":27}},"33":{"start":{"line":84,"column":8},"end":{"line":84,"column":24}},"34":{"start":{"line":85,"column":8},"end":{"line":85,"column":44}},"35":{"start":{"line":87,"column":8},"end":{"line":87,"column":26}},"36":{"start":{"line":91,"column":4},"end":{"line":93,"column":5}},"37":{"start":{"line":92,"column":6},"end":{"line":92,"column":21}},"38":{"start":{"line":96,"column":24},"end":{"line":120,"column":3}},"39":{"start":{"line":97,"column":4},"end":{"line":119,"column":5}},"40":{"start":{"line":98,"column":6},"end":{"line":98,"column":23}},"41":{"start":{"line":99,"column":34},"end":{"line":101,"column":8}},"42":{"start":{"line":103,"column":6},"end":{"line":103,"column":35}},"43":{"start":{"line":104,"column":6},"end":{"line":104,"column":39}},"44":{"start":{"line":106,"column":6},"end":{"line":112,"column":9}},"45":{"start":{"line":107,"column":32},"end":{"line":107,"column":57}},"46":{"start":{"line":108,"column":25},"end":{"line":108,"column":49}},"47":{"start":{"line":110,"column":8},"end":{"line":110,"column":49}},"48":{"start":{"line":110,"column":28},"end":{"line":110,"column":47}},"49":{"start":{"line":111,"column":8},"end":{"line":111,"column":35}},"50":{"start":{"line":114,"column":6},"end":{"line":114,"column":25}},"51":{"start":{"line":115,"column":6},"end":{"line":115,"column":22}},"52":{"start":{"line":116,"column":6},"end":{"line":116,"column":42}},"53":{"start":{"line":118,"column":6},"end":{"line":118,"column":24}},"54":{"start":{"line":122,"column":30},"end":{"line":186,"column":3}},"55":{"start":{"line":123,"column":4},"end":{"line":185,"column":5}},"56":{"start":{"line":124,"column":6},"end":{"line":124,"column":23}},"57":{"start":{"line":126,"column":37},"end":{"line":126,"column":57}},"58":{"start":{"line":128,"column":34},"end":{"line":130,"column":7}},"59":{"start":{"line":132,"column":30},"end":{"line":132,"column":70}},"60":{"start":{"line":134,"column":37},"end":{"line":136,"column":7}},"61":{"start":{"line":138,"column":28},"end":{"line":146,"column":7}},"62":{"start":{"line":140,"column":26},"end":{"line":140,"column":36}},"63":{"start":{"line":141,"column":25},"end":{"line":141,"column":49}},"64":{"start":{"line":142,"column":10},"end":{"line":144,"column":12}},"65":{"start":{"line":143,"column":22},"end":{"line":143,"column":33}},"66":{"start":{"line":148,"column":20},"end":{"line":148,"column":40}},"67":{"start":{"line":149,"column":21},"end":{"line":149,"column":23}},"68":{"start":{"line":150,"column":6},"end":{"line":153,"column":66}},"69":{"start":{"line":151,"column":8},"end":{"line":151,"column":44}},"70":{"start":{"line":152,"column":8},"end":{"line":152,"column":43}},"71":{"start":{"line":155,"column":6},"end":{"line":179,"column":9}},"72":{"start":{"line":161,"column":25},"end":{"line":161,"column":49}},"73":{"start":{"line":166,"column":48},"end":{"line":166,"column":59}},"74":{"start":{"line":167,"column":56},"end":{"line":167,"column":66}},"75":{"start":{"line":169,"column":23},"end":{"line":169,"column":43}},"76":{"start":{"line":171,"column":50},"end":{"line":171,"column":64}},"77":{"start":{"line":174,"column":49},"end":{"line":177,"column":9}},"78":{"start":{"line":181,"column":6},"end":{"line":181,"column":25}},"79":{"start":{"line":182,"column":6},"end":{"line":182,"column":42}},"80":{"start":{"line":184,"column":6},"end":{"line":184,"column":24}},"81":{"start":{"line":188,"column":25},"end":{"line":212,"column":3}},"82":{"start":{"line":189,"column":4},"end":{"line":211,"column":5}},"83":{"start":{"line":190,"column":6},"end":{"line":190,"column":22}},"84":{"start":{"line":191,"column":6},"end":{"line":191,"column":46}},"85":{"start":{"line":193,"column":6},"end":{"line":210,"column":7}},"86":{"start":{"line":194,"column":8},"end":{"line":194,"column":25}},"87":{"start":{"line":195,"column":8},"end":{"line":195,"column":24}},"88":{"start":{"line":196,"column":8},"end":{"line":196,"column":23}},"89":{"start":{"line":198,"column":31},"end":{"line":198,"column":70}},"90":{"start":{"line":200,"column":25},"end":{"line":200,"column":48}},"91":{"start":{"line":202,"column":8},"end":{"line":202,"column":32}},"92":{"start":{"line":203,"column":8},"end":{"line":203,"column":34}},"93":{"start":{"line":205,"column":8},"end":{"line":207,"column":48}},"94":{"start":{"line":209,"column":8},"end":{"line":209,"column":26}},"95":{"start":{"line":214,"column":30},"end":{"line":248,"column":3}},"96":{"start":{"line":220,"column":4},"end":{"line":247,"column":5}},"97":{"start":{"line":221,"column":30},"end":{"line":228,"column":7}},"98":{"start":{"line":223,"column":25},"end":{"line":225,"column":11}},"99":{"start":{"line":226,"column":10},"end":{"line":226,"column":42}},"100":{"start":{"line":230,"column":21},"end":{"line":230,"column":69}},"101":{"start":{"line":232,"column":6},"end":{"line":244,"column":32}},"102":{"start":{"line":235,"column":27},"end":{"line":235,"column":44}},"103":{"start":{"line":237,"column":27},"end":{"line":239,"column":32}},"104":{"start":{"line":239,"column":27},"end":{"line":239,"column":31}},"105":{"start":{"line":241,"column":12},"end":{"line":241,"column":72}},"106":{"start":{"line":244,"column":20},"end":{"line":244,"column":30}},"107":{"start":{"line":246,"column":6},"end":{"line":246,"column":16}},"108":{"start":{"line":250,"column":21},"end":{"line":260,"column":3}},"109":{"start":{"line":251,"column":4},"end":{"line":259,"column":5}},"110":{"start":{"line":252,"column":21},"end":{"line":252,"column":59}},"111":{"start":{"line":254,"column":20},"end":{"line":254,"column":55}},"112":{"start":{"line":254,"column":45},"end":{"line":254,"column":54}},"113":{"start":{"line":255,"column":6},"end":{"line":255,"column":22}},"114":{"start":{"line":257,"column":6},"end":{"line":257,"column":42}},"115":{"start":{"line":258,"column":6},"end":{"line":258,"column":33}},"116":{"start":{"line":262,"column":2},"end":{"line":292,"column":4}},"117":{"start":{"line":278,"column":10},"end":{"line":278,"column":36}},"118":{"start":{"line":279,"column":10},"end":{"line":279,"column":34}},"119":{"start":{"line":282,"column":10},"end":{"line":282,"column":36}},"120":{"start":{"line":283,"column":10},"end":{"line":283,"column":38}}},"fnMap":{"0":{"name":"(anonymous_0)","decl":{"start":{"line":9,"column":24},"end":{"line":9,"column":25}},"loc":{"start":{"line":9,"column":56},"end":{"line":16,"column":1}},"line":9},"1":{"name":"(anonymous_1)","decl":{"start":{"line":14,"column":21},"end":{"line":14,"column":22}},"loc":{"start":{"line":14,"column":29},"end":{"line":14,"column":57}},"line":14},"2":{"name":"(anonymous_2)","decl":{"start":{"line":18,"column":31},"end":{"line":18,"column":32}},"loc":{"start":{"line":18,"column":47},"end":{"line":293,"column":1}},"line":18},"3":{"name":"(anonymous_3)","decl":{"start":{"line":39,"column":12},"end":{"line":39,"column":13}},"loc":{"start":{"line":39,"column":18},"end":{"line":94,"column":3}},"line":39},"4":{"name":"(anonymous_4)","decl":{"start":{"line":40,"column":25},"end":{"line":40,"column":26}},"loc":{"start":{"line":40,"column":37},"end":{"line":89,"column":5}},"line":40},"5":{"name":"(anonymous_5)","decl":{"start":{"line":96,"column":24},"end":{"line":96,"column":25}},"loc":{"start":{"line":96,"column":51},"end":{"line":120,"column":3}},"line":96},"6":{"name":"(anonymous_6)","decl":{"start":{"line":106,"column":34},"end":{"line":106,"column":35}},"loc":{"start":{"line":106,"column":48},"end":{"line":112,"column":7}},"line":106},"7":{"name":"(anonymous_7)","decl":{"start":{"line":110,"column":20},"end":{"line":110,"column":21}},"loc":{"start":{"line":110,"column":28},"end":{"line":110,"column":47}},"line":110},"8":{"name":"(anonymous_8)","decl":{"start":{"line":122,"column":30},"end":{"line":122,"column":31}},"loc":{"start":{"line":122,"column":43},"end":{"line":186,"column":3}},"line":122},"9":{"name":"(anonymous_9)","decl":{"start":{"line":139,"column":33},"end":{"line":139,"column":34}},"loc":{"start":{"line":139,"column":44},"end":{"line":145,"column":9}},"line":139},"10":{"name":"(anonymous_10)","decl":{"start":{"line":143,"column":12},"end":{"line":143,"column":13}},"loc":{"start":{"line":143,"column":22},"end":{"line":143,"column":33}},"line":143},"11":{"name":"(anonymous_11)","decl":{"start":{"line":161,"column":20},"end":{"line":161,"column":21}},"loc":{"start":{"line":161,"column":25},"end":{"line":161,"column":49}},"line":161},"12":{"name":"(anonymous_12)","decl":{"start":{"line":166,"column":38},"end":{"line":166,"column":39}},"loc":{"start":{"line":166,"column":48},"end":{"line":166,"column":59}},"line":166},"13":{"name":"(anonymous_13)","decl":{"start":{"line":167,"column":47},"end":{"line":167,"column":48}},"loc":{"start":{"line":167,"column":56},"end":{"line":167,"column":66}},"line":167},"14":{"name":"(anonymous_14)","decl":{"start":{"line":169,"column":12},"end":{"line":169,"column":13}},"loc":{"start":{"line":169,"column":23},"end":{"line":169,"column":43}},"line":169},"15":{"name":"(anonymous_15)","decl":{"start":{"line":171,"column":42},"end":{"line":171,"column":43}},"loc":{"start":{"line":171,"column":50},"end":{"line":171,"column":64}},"line":171},"16":{"name":"(anonymous_16)","decl":{"start":{"line":174,"column":40},"end":{"line":174,"column":41}},"loc":{"start":{"line":174,"column":49},"end":{"line":177,"column":9}},"line":174},"17":{"name":"(anonymous_17)","decl":{"start":{"line":188,"column":25},"end":{"line":188,"column":26}},"loc":{"start":{"line":188,"column":38},"end":{"line":212,"column":3}},"line":188},"18":{"name":"(anonymous_18)","decl":{"start":{"line":214,"column":30},"end":{"line":214,"column":31}},"loc":{"start":{"line":219,"column":7},"end":{"line":248,"column":3}},"line":219},"19":{"name":"(anonymous_19)","decl":{"start":{"line":222,"column":20},"end":{"line":222,"column":21}},"loc":{"start":{"line":222,"column":36},"end":{"line":227,"column":9}},"line":222},"20":{"name":"(anonymous_20)","decl":{"start":{"line":234,"column":21},"end":{"line":234,"column":22}},"loc":{"start":{"line":234,"column":32},"end":{"line":242,"column":11}},"line":234},"21":{"name":"(anonymous_21)","decl":{"start":{"line":239,"column":21},"end":{"line":239,"column":22}},"loc":{"start":{"line":239,"column":27},"end":{"line":239,"column":31}},"line":239},"22":{"name":"(anonymous_22)","decl":{"start":{"line":244,"column":15},"end":{"line":244,"column":16}},"loc":{"start":{"line":244,"column":20},"end":{"line":244,"column":30}},"line":244},"23":{"name":"(anonymous_23)","decl":{"start":{"line":250,"column":21},"end":{"line":250,"column":22}},"loc":{"start":{"line":250,"column":33},"end":{"line":260,"column":3}},"line":250},"24":{"name":"(anonymous_24)","decl":{"start":{"line":254,"column":37},"end":{"line":254,"column":38}},"loc":{"start":{"line":254,"column":45},"end":{"line":254,"column":54}},"line":254},"25":{"name":"(anonymous_25)","decl":{"start":{"line":277,"column":26},"end":{"line":277,"column":27}},"loc":{"start":{"line":277,"column":35},"end":{"line":280,"column":9}},"line":277},"26":{"name":"(anonymous_26)","decl":{"start":{"line":281,"column":28},"end":{"line":281,"column":29}},"loc":{"start":{"line":281,"column":39},"end":{"line":284,"column":9}},"line":281}},"branchMap":{"0":{"loc":{"start":{"line":45,"column":8},"end":{"line":81,"column":9}},"type":"if","locations":[{"start":{"line":45,"column":8},"end":{"line":81,"column":9}},{"start":{"line":51,"column":15},"end":{"line":81,"column":9}}],"line":45},"1":{"loc":{"start":{"line":46,"column":10},"end":{"line":48,"column":33}},"type":"binary-expr","locations":[{"start":{"line":46,"column":10},"end":{"line":46,"column":26}},{"start":{"line":47,"column":10},"end":{"line":47,"column":31}},{"start":{"line":48,"column":10},"end":{"line":48,"column":33}}],"line":46},"2":{"loc":{"start":{"line":55,"column":10},"end":{"line":62,"column":11}},"type":"if","locations":[{"start":{"line":55,"column":10},"end":{"line":62,"column":11}},{"start":{},"end":{}}],"line":55},"3":{"loc":{"start":{"line":64,"column":10},"end":{"line":71,"column":11}},"type":"if","locations":[{"start":{"line":64,"column":10},"end":{"line":71,"column":11}},{"start":{},"end":{}}],"line":64},"4":{"loc":{"start":{"line":74,"column":12},"end":{"line":74,"column":69}},"type":"cond-expr","locations":[{"start":{"line":74,"column":36},"end":{"line":74,"column":50}},{"start":{"line":74,"column":53},"end":{"line":74,"column":69}}],"line":74},"5":{"loc":{"start":{"line":75,"column":12},"end":{"line":75,"column":71}},"type":"cond-expr","locations":[{"start":{"line":75,"column":38},"end":{"line":75,"column":54}},{"start":{"line":75,"column":57},"end":{"line":75,"column":71}}],"line":75},"6":{"loc":{"start":{"line":91,"column":4},"end":{"line":93,"column":5}},"type":"if","locations":[{"start":{"line":91,"column":4},"end":{"line":93,"column":5}},{"start":{},"end":{}}],"line":91},"7":{"loc":{"start":{"line":96,"column":36},"end":{"line":96,"column":46}},"type":"default-arg","locations":[{"start":{"line":96,"column":44},"end":{"line":96,"column":46}}],"line":96},"8":{"loc":{"start":{"line":153,"column":15},"end":{"line":153,"column":64}},"type":"binary-expr","locations":[{"start":{"line":153,"column":15},"end":{"line":153,"column":24}},{"start":{"line":153,"column":28},"end":{"line":153,"column":64}}],"line":153},"9":{"loc":{"start":{"line":160,"column":10},"end":{"line":162,"column":52}},"type":"binary-expr","locations":[{"start":{"line":160,"column":10},"end":{"line":162,"column":46}},{"start":{"line":162,"column":50},"end":{"line":162,"column":52}}],"line":160},"10":{"loc":{"start":{"line":189,"column":4},"end":{"line":211,"column":5}},"type":"if","locations":[{"start":{"line":189,"column":4},"end":{"line":211,"column":5}},{"start":{"line":192,"column":11},"end":{"line":211,"column":5}}],"line":189},"11":{"loc":{"start":{"line":205,"column":8},"end":{"line":207,"column":47}},"type":"cond-expr","locations":[{"start":{"line":206,"column":12},"end":{"line":206,"column":27}},{"start":{"line":207,"column":12},"end":{"line":207,"column":47}}],"line":205},"12":{"loc":{"start":{"line":220,"column":4},"end":{"line":247,"column":5}},"type":"if","locations":[{"start":{"line":220,"column":4},"end":{"line":247,"column":5}},{"start":{"line":245,"column":11},"end":{"line":247,"column":5}}],"line":220},"13":{"loc":{"start":{"line":241,"column":19},"end":{"line":241,"column":71}},"type":"cond-expr","locations":[{"start":{"line":241,"column":36},"end":{"line":241,"column":40}},{"start":{"line":241,"column":43},"end":{"line":241,"column":71}}],"line":241}},"s":{"0":4,"1":4,"2":0,"3":0,"4":4,"5":0,"6":0,"7":0,"8":0,"9":0,"10":0,"11":0,"12":0,"13":0,"14":0,"15":0,"16":0,"17":0,"18":0,"19":0,"20":0,"21":0,"22":0,"23":0,"24":0,"25":0,"26":0,"27":0,"28":0,"29":0,"30":0,"31":0,"32":0,"33":0,"34":0,"35":0,"36":0,"37":0,"38":0,"39":0,"40":0,"41":0,"42":0,"43":0,"44":0,"45":0,"46":0,"47":0,"48":0,"49":0,"50":0,"51":0,"52":0,"53":0,"54":0,"55":0,"56":0,"57":0,"58":0,"59":0,"60":0,"61":0,"62":0,"63":0,"64":0,"65":0,"66":0,"67":0,"68":0,"69":0,"70":0,"71":0,"72":0,"73":0,"74":0,"75":0,"76":0,"77":0,"78":0,"79":0,"80":0,"81":0,"82":0,"83":0,"84":0,"85":0,"86":0,"87":0,"88":0,"89":0,"90":0,"91":0,"92":0,"93":0,"94":0,"95":0,"96":0,"97":0,"98":0,"99":0,"100":0,"101":0,"102":0,"103":0,"104":0,"105":0,"106":0,"107":0,"108":0,"109":0,"110":0,"111":0,"112":0,"113":0,"114":0,"115":0,"116":0,"117":0,"118":0,"119":0,"120":0},"f":{"0":0,"1":0,"2":0,"3":0,"4":0,"5":0,"6":0,"7":0,"8":0,"9":0,"10":0,"11":0,"12":0,"13":0,"14":0,"15":0,"16":0,"17":0,"18":0,"19":0,"20":0,"21":0,"22":0,"23":0,"24":0,"25":0,"26":0},"b":{"0":[0,0],"1":[0,0,0],"2":[0,0],"3":[0,0],"4":[0,0],"5":[0,0],"6":[0,0],"7":[0],"8":[0,0],"9":[0,0],"10":[0,0],"11":[0,0],"12":[0,0],"13":[0,0]},"_coverageSchema":"1a1c01bbd47fc00a2c39e90264f33305004495a9","hash":"89babd922c980938d9f381217ec884b746d12f28"}
,"/Users/akskulka3/ReactNativeTraining/PokemonCapstone/src/screens/PokemonDetailsScreen/index.js": {"path":"/Users/akskulka3/ReactNativeTraining/PokemonCapstone/src/screens/PokemonDetailsScreen/index.js","statementMap":{"0":{"start":{"line":11,"column":36},"end":{"line":102,"column":1}},"1":{"start":{"line":20,"column":6},"end":{"line":20,"column":32}},"2":{"start":{"line":22,"column":36},"end":{"line":22,"column":61}},"3":{"start":{"line":24,"column":2},"end":{"line":26,"column":18}},"4":{"start":{"line":25,"column":4},"end":{"line":25,"column":63}},"5":{"start":{"line":28,"column":19},"end":{"line":28,"column":67}},"6":{"start":{"line":28,"column":38},"end":{"line":28,"column":60}},"7":{"start":{"line":29,"column":19},"end":{"line":29,"column":67}},"8":{"start":{"line":29,"column":38},"end":{"line":29,"column":60}},"9":{"start":{"line":31,"column":2},"end":{"line":33,"column":3}},"10":{"start":{"line":32,"column":4},"end":{"line":32,"column":23}},"11":{"start":{"line":35,"column":2},"end":{"line":37,"column":3}},"12":{"start":{"line":36,"column":4},"end":{"line":36,"column":32}},"13":{"start":{"line":39,"column":2},"end":{"line":101,"column":4}},"14":{"start":{"line":59,"column":10},"end":{"line":62,"column":17}},"15":{"start":{"line":67,"column":10},"end":{"line":70,"column":17}},"16":{"start":{"line":84,"column":33},"end":{"line":84,"column":66}},"17":{"start":{"line":84,"column":55},"end":{"line":84,"column":64}},"18":{"start":{"line":93,"column":33},"end":{"line":93,"column":66}},"19":{"start":{"line":93,"column":55},"end":{"line":93,"column":64}}},"fnMap":{"0":{"name":"(anonymous_0)","decl":{"start":{"line":11,"column":36},"end":{"line":11,"column":37}},"loc":{"start":{"line":11,"column":49},"end":{"line":102,"column":1}},"line":11},"1":{"name":"(anonymous_1)","decl":{"start":{"line":24,"column":12},"end":{"line":24,"column":13}},"loc":{"start":{"line":24,"column":18},"end":{"line":26,"column":3}},"line":24},"2":{"name":"(anonymous_2)","decl":{"start":{"line":28,"column":33},"end":{"line":28,"column":34}},"loc":{"start":{"line":28,"column":38},"end":{"line":28,"column":60}},"line":28},"3":{"name":"(anonymous_3)","decl":{"start":{"line":29,"column":33},"end":{"line":29,"column":34}},"loc":{"start":{"line":29,"column":38},"end":{"line":29,"column":60}},"line":29},"4":{"name":"(anonymous_4)","decl":{"start":{"line":58,"column":55},"end":{"line":58,"column":56}},"loc":{"start":{"line":59,"column":10},"end":{"line":62,"column":17}},"line":59},"5":{"name":"(anonymous_5)","decl":{"start":{"line":66,"column":34},"end":{"line":66,"column":35}},"loc":{"start":{"line":67,"column":10},"end":{"line":70,"column":17}},"line":67},"6":{"name":"(anonymous_6)","decl":{"start":{"line":84,"column":27},"end":{"line":84,"column":28}},"loc":{"start":{"line":84,"column":33},"end":{"line":84,"column":66}},"line":84},"7":{"name":"(anonymous_7)","decl":{"start":{"line":84,"column":46},"end":{"line":84,"column":47}},"loc":{"start":{"line":84,"column":55},"end":{"line":84,"column":64}},"line":84},"8":{"name":"(anonymous_8)","decl":{"start":{"line":93,"column":27},"end":{"line":93,"column":28}},"loc":{"start":{"line":93,"column":33},"end":{"line":93,"column":66}},"line":93},"9":{"name":"(anonymous_9)","decl":{"start":{"line":93,"column":46},"end":{"line":93,"column":47}},"loc":{"start":{"line":93,"column":55},"end":{"line":93,"column":64}},"line":93}},"branchMap":{"0":{"loc":{"start":{"line":31,"column":2},"end":{"line":33,"column":3}},"type":"if","locations":[{"start":{"line":31,"column":2},"end":{"line":33,"column":3}},{"start":{},"end":{}}],"line":31},"1":{"loc":{"start":{"line":35,"column":2},"end":{"line":37,"column":3}},"type":"if","locations":[{"start":{"line":35,"column":2},"end":{"line":37,"column":3}},{"start":{},"end":{}}],"line":35},"2":{"loc":{"start":{"line":46,"column":13},"end":{"line":51,"column":13}},"type":"binary-expr","locations":[{"start":{"line":46,"column":13},"end":{"line":46,"column":36}},{"start":{"line":47,"column":14},"end":{"line":50,"column":16}}],"line":46},"3":{"loc":{"start":{"line":61,"column":19},"end":{"line":61,"column":66}},"type":"cond-expr","locations":[{"start":{"line":61,"column":42},"end":{"line":61,"column":58}},{"start":{"line":61,"column":61},"end":{"line":61,"column":66}}],"line":61},"4":{"loc":{"start":{"line":81,"column":11},"end":{"line":88,"column":11}},"type":"binary-expr","locations":[{"start":{"line":81,"column":11},"end":{"line":81,"column":24}},{"start":{"line":81,"column":28},"end":{"line":81,"column":45}},{"start":{"line":82,"column":12},"end":{"line":87,"column":21}}],"line":81},"5":{"loc":{"start":{"line":90,"column":11},"end":{"line":97,"column":11}},"type":"binary-expr","locations":[{"start":{"line":90,"column":11},"end":{"line":90,"column":33}},{"start":{"line":90,"column":37},"end":{"line":90,"column":54}},{"start":{"line":91,"column":12},"end":{"line":96,"column":21}}],"line":90}},"s":{"0":1,"1":1,"2":1,"3":1,"4":0,"5":1,"6":0,"7":1,"8":0,"9":1,"10":0,"11":1,"12":0,"13":1,"14":0,"15":0,"16":0,"17":0,"18":0,"19":0},"f":{"0":1,"1":0,"2":0,"3":0,"4":0,"5":0,"6":0,"7":0,"8":0,"9":0},"b":{"0":[0,1],"1":[0,1],"2":[1,0],"3":[0,0],"4":[1,0,0],"5":[1,0,0]},"_coverageSchema":"1a1c01bbd47fc00a2c39e90264f33305004495a9","hash":"2a6343ce0232e35119886212b218fc36a2f72778"}
,"/Users/akskulka3/ReactNativeTraining/PokemonCapstone/src/screens/PokemonDetailsScreen/styles.js": {"path":"/Users/akskulka3/ReactNativeTraining/PokemonCapstone/src/screens/PokemonDetailsScreen/styles.js","statementMap":{"0":{"start":{"line":5,"column":22},"end":{"line":68,"column":2}}},"fnMap":{},"branchMap":{},"s":{"0":1},"f":{},"b":{},"_coverageSchema":"1a1c01bbd47fc00a2c39e90264f33305004495a9","hash":"5174829eb8ac81c25c8dde009efbc5cbd18d0d02"}
,"/Users/akskulka3/ReactNativeTraining/PokemonCapstone/src/screens/PokemonListingScreen/index.js": {"path":"/Users/akskulka3/ReactNativeTraining/PokemonCapstone/src/screens/PokemonListingScreen/index.js","statementMap":{"0":{"start":{"line":17,"column":36},"end":{"line":96,"column":1}},"1":{"start":{"line":19,"column":4},"end":{"line":19,"column":30}},"2":{"start":{"line":21,"column":40},"end":{"line":21,"column":55}},"3":{"start":{"line":22,"column":40},"end":{"line":22,"column":55}},"4":{"start":{"line":24,"column":2},"end":{"line":27,"column":9}},"5":{"start":{"line":25,"column":4},"end":{"line":25,"column":22}},"6":{"start":{"line":26,"column":4},"end":{"line":26,"column":17}},"7":{"start":{"line":29,"column":26},"end":{"line":31,"column":3}},"8":{"start":{"line":30,"column":4},"end":{"line":30,"column":44}},"9":{"start":{"line":33,"column":25},"end":{"line":41,"column":3}},"10":{"start":{"line":34,"column":4},"end":{"line":36,"column":5}},"11":{"start":{"line":35,"column":6},"end":{"line":35,"column":18}},"12":{"start":{"line":38,"column":4},"end":{"line":40,"column":5}},"13":{"start":{"line":39,"column":6},"end":{"line":39,"column":29}},"14":{"start":{"line":43,"column":2},"end":{"line":45,"column":3}},"15":{"start":{"line":44,"column":4},"end":{"line":44,"column":32}},"16":{"start":{"line":47,"column":2},"end":{"line":95,"column":4}},"17":{"start":{"line":52,"column":32},"end":{"line":52,"column":39}},"18":{"start":{"line":54,"column":29},"end":{"line":54,"column":75}},"19":{"start":{"line":54,"column":54},"end":{"line":54,"column":74}},"20":{"start":{"line":56,"column":12},"end":{"line":58,"column":13}},"21":{"start":{"line":57,"column":14},"end":{"line":57,"column":41}},"22":{"start":{"line":60,"column":12},"end":{"line":76,"column":14}},"23":{"start":{"line":63,"column":18},"end":{"line":66,"column":20}},"24":{"start":{"line":89,"column":26},"end":{"line":89,"column":46}}},"fnMap":{"0":{"name":"(anonymous_0)","decl":{"start":{"line":17,"column":36},"end":{"line":17,"column":37}},"loc":{"start":{"line":17,"column":54},"end":{"line":96,"column":1}},"line":17},"1":{"name":"(anonymous_1)","decl":{"start":{"line":24,"column":12},"end":{"line":24,"column":13}},"loc":{"start":{"line":24,"column":18},"end":{"line":27,"column":3}},"line":24},"2":{"name":"(anonymous_2)","decl":{"start":{"line":29,"column":26},"end":{"line":29,"column":27}},"loc":{"start":{"line":29,"column":38},"end":{"line":31,"column":3}},"line":29},"3":{"name":"(anonymous_3)","decl":{"start":{"line":33,"column":25},"end":{"line":33,"column":26}},"loc":{"start":{"line":33,"column":37},"end":{"line":41,"column":3}},"line":33},"4":{"name":"(anonymous_4)","decl":{"start":{"line":52,"column":24},"end":{"line":52,"column":25}},"loc":{"start":{"line":52,"column":32},"end":{"line":52,"column":39}},"line":52},"5":{"name":"(anonymous_5)","decl":{"start":{"line":53,"column":22},"end":{"line":53,"column":23}},"loc":{"start":{"line":53,"column":34},"end":{"line":77,"column":11}},"line":53},"6":{"name":"(anonymous_6)","decl":{"start":{"line":54,"column":46},"end":{"line":54,"column":47}},"loc":{"start":{"line":54,"column":54},"end":{"line":54,"column":74}},"line":54},"7":{"name":"(anonymous_7)","decl":{"start":{"line":62,"column":25},"end":{"line":62,"column":26}},"loc":{"start":{"line":63,"column":18},"end":{"line":66,"column":20}},"line":63},"8":{"name":"(anonymous_8)","decl":{"start":{"line":89,"column":20},"end":{"line":89,"column":21}},"loc":{"start":{"line":89,"column":26},"end":{"line":89,"column":46}},"line":89}},"branchMap":{"0":{"loc":{"start":{"line":34,"column":4},"end":{"line":36,"column":5}},"type":"if","locations":[{"start":{"line":34,"column":4},"end":{"line":36,"column":5}},{"start":{},"end":{}}],"line":34},"1":{"loc":{"start":{"line":38,"column":4},"end":{"line":40,"column":5}},"type":"if","locations":[{"start":{"line":38,"column":4},"end":{"line":40,"column":5}},{"start":{},"end":{}}],"line":38},"2":{"loc":{"start":{"line":43,"column":2},"end":{"line":45,"column":3}},"type":"if","locations":[{"start":{"line":43,"column":2},"end":{"line":45,"column":3}},{"start":{},"end":{}}],"line":43},"3":{"loc":{"start":{"line":56,"column":12},"end":{"line":58,"column":13}},"type":"if","locations":[{"start":{"line":56,"column":12},"end":{"line":58,"column":13}},{"start":{},"end":{}}],"line":56},"4":{"loc":{"start":{"line":78,"column":30},"end":{"line":78,"column":62}},"type":"binary-expr","locations":[{"start":{"line":78,"column":30},"end":{"line":78,"column":38}},{"start":{"line":78,"column":42},"end":{"line":78,"column":62}}],"line":78},"5":{"loc":{"start":{"line":80,"column":12},"end":{"line":84,"column":13}},"type":"cond-expr","locations":[{"start":{"line":81,"column":14},"end":{"line":81,"column":25}},{"start":{"line":83,"column":14},"end":{"line":83,"column":67}}],"line":80},"6":{"loc":{"start":{"line":80,"column":12},"end":{"line":80,"column":39}},"type":"binary-expr","locations":[{"start":{"line":80,"column":12},"end":{"line":80,"column":28}},{"start":{"line":80,"column":32},"end":{"line":80,"column":39}}],"line":80}},"s":{"0":1,"1":2,"2":2,"3":2,"4":2,"5":2,"6":2,"7":2,"8":2,"9":2,"10":0,"11":0,"12":0,"13":0,"14":2,"15":1,"16":1,"17":0,"18":0,"19":0,"20":0,"21":0,"22":0,"23":0,"24":0},"f":{"0":2,"1":2,"2":2,"3":0,"4":0,"5":0,"6":0,"7":0,"8":0},"b":{"0":[0,0],"1":[0,0],"2":[1,1],"3":[0,0],"4":[1,1],"5":[0,1],"6":[1,1]},"_coverageSchema":"1a1c01bbd47fc00a2c39e90264f33305004495a9","hash":"ef62710d5158bc09a5e80598e5867c4ddf997a4e"}
,"/Users/akskulka3/ReactNativeTraining/PokemonCapstone/src/screens/PokemonListingScreen/styles.js": {"path":"/Users/akskulka3/ReactNativeTraining/PokemonCapstone/src/screens/PokemonListingScreen/styles.js","statementMap":{},"fnMap":{},"branchMap":{},"s":{},"f":{},"b":{},"_coverageSchema":"1a1c01bbd47fc00a2c39e90264f33305004495a9","hash":"69abf2766a9dae888ab8363b7d5ad6173206bc04"}
}
