TN:
SF:src/constants.js
FNF:0
FNH:0
DA:1,7
DA:6,7
DA:8,7
DA:15,7
LF:4
LH:4
BRF:0
BRH:0
end_of_record
TN:
SF:src/assets/images/filter.png
FNF:0
FNH:0
DA:1,3
LF:1
LH:1
BRF:0
BRH:0
end_of_record
TN:
SF:src/assets/images/search.png
FNF:0
FNH:0
DA:1,3
LF:1
LH:1
BRF:0
BRH:0
end_of_record
TN:
SF:src/components/Card.js
FN:6,(anonymous_0)
FNF:1
FNH:1
FNDA:4,(anonymous_0)
DA:6,4
DA:7,4
LF:2
LH:2
BRF:0
BRH:0
end_of_record
TN:
SF:src/components/Filters.js
FN:10,(anonymous_0)
FN:26,(anonymous_1)
FN:38,(anonymous_2)
FN:39,(anonymous_3)
FN:58,(anonymous_4)
FN:59,(anonymous_5)
FN:77,(anonymous_6)
FN:89,(anonymous_7)
FNF:8
FNH:8
FNDA:13,(anonymous_0)
FNDA:1,(anonymous_1)
FNDA:7,(anonymous_2)
FNDA:7,(anonymous_3)
FNDA:24,(anonymous_4)
FNDA:24,(anonymous_5)
FNDA:1,(anonymous_6)
FNDA:1,(anonymous_7)
DA:10,4
DA:12,13
DA:14,13
DA:15,13
DA:17,13
DA:19,13
DA:26,1
DA:38,7
DA:40,7
DA:58,24
DA:60,24
DA:78,1
DA:79,1
DA:80,1
DA:81,1
DA:82,1
DA:90,1
DA:91,1
DA:92,1
LF:19
LH:19
BRF:0
BRH:0
end_of_record
TN:
SF:src/components/PokemonEmptyList.js
FN:5,(anonymous_0)
FNF:1
FNH:1
FNDA:2,(anonymous_0)
DA:5,4
DA:6,2
LF:2
LH:2
BRF:0
BRH:0
end_of_record
TN:
SF:src/components/PokemonListHeader.js
FN:10,(anonymous_0)
FN:25,(anonymous_1)
FN:39,(anonymous_2)
FN:42,(anonymous_3)
FN:50,(anonymous_4)
FNF:5
FNH:5
FNDA:7,(anonymous_0)
FNDA:1,(anonymous_1)
FNDA:3,(anonymous_2)
FNDA:1,(anonymous_3)
FNDA:1,(anonymous_4)
DA:10,4
DA:12,7
DA:14,7
DA:26,1
DA:39,3
DA:43,1
DA:50,1
LF:7
LH:7
BRF:0
BRH:0
end_of_record
TN:
SF:src/components/index.js
FNF:0
FNH:0
LF:0
LH:0
BRF:0
BRH:0
end_of_record
TN:
SF:src/components/styles.js
FNF:0
FNH:0
DA:5,4
DA:32,4
DA:118,4
DA:174,4
LF:4
LH:4
BRF:0
BRH:0
end_of_record
TN:
SF:src/components/common/Button.js
FN:5,(anonymous_0)
FNF:1
FNH:1
FNDA:19,(anonymous_0)
DA:5,5
DA:6,19
DA:8,19
LF:3
LH:3
BRDA:6,0,0,0
BRF:1
BRH:0
end_of_record
TN:
SF:src/components/common/Checkbox.js
FN:6,(anonymous_0)
FN:11,(anonymous_1)
FN:14,(anonymous_2)
FNF:3
FNH:2
FNDA:32,(anonymous_0)
FNDA:4,(anonymous_1)
FNDA:0,(anonymous_2)
DA:6,5
DA:7,32
DA:12,4
DA:14,0
LF:4
LH:3
BRDA:13,0,0,0
BRDA:13,0,1,4
BRF:2
BRH:1
end_of_record
TN:
SF:src/components/common/Spinner.js
FN:7,(anonymous_0)
FNF:1
FNH:1
FNDA:2,(anonymous_0)
DA:7,5
DA:8,2
LF:2
LH:2
BRF:0
BRH:0
end_of_record
TN:
SF:src/components/common/index.js
FNF:0
FNH:0
LF:0
LH:0
BRF:0
BRH:0
end_of_record
TN:
SF:src/components/common/styles.js
FNF:0
FNH:0
DA:5,5
DA:32,5
DA:46,5
LF:3
LH:3
BRF:0
BRH:0
end_of_record
TN:
SF:src/context/contextUtils.js
FN:4,(anonymous_0)
FN:9,(anonymous_1)
FN:13,(anonymous_2)
FN:21,(anonymous_3)
FN:31,(anonymous_4)
FN:36,(anonymous_5)
FNF:6
FNH:6
FNDA:5,(anonymous_0)
FNDA:5,(anonymous_1)
FNDA:2,(anonymous_2)
FNDA:2,(anonymous_3)
FNDA:4,(anonymous_4)
FNDA:4,(anonymous_5)
DA:4,5
DA:5,5
DA:9,5
DA:13,5
DA:19,2
DA:20,1
DA:22,2
DA:23,2
DA:27,1
DA:29,1
DA:32,4
DA:33,4
DA:36,4
DA:38,1
LF:14
LH:14
BRDA:19,0,0,1
BRDA:19,0,1,1
BRDA:33,1,0,0
BRDA:33,1,1,4
BRF:4
BRH:3
end_of_record
TN:
SF:src/context/pokemonContext.js
FN:11,(anonymous_0)
FN:32,(anonymous_1)
FN:33,(anonymous_2)
FN:89,(anonymous_3)
FN:97,(anonymous_4)
FN:101,(anonymous_5)
FN:113,(anonymous_6)
FN:130,(anonymous_7)
FN:134,(anonymous_8)
FN:152,(anonymous_9)
FN:157,(anonymous_10)
FN:158,(anonymous_11)
FN:160,(anonymous_12)
FN:162,(anonymous_13)
FN:165,(anonymous_14)
FN:179,(anonymous_15)
FN:205,(anonymous_16)
FN:209,(anonymous_17)
FN:232,(anonymous_18)
FN:236,(anonymous_19)
FNF:20
FNH:12
FNDA:63,(anonymous_0)
FNDA:9,(anonymous_1)
FNDA:2,(anonymous_2)
FNDA:7,(anonymous_3)
FNDA:7,(anonymous_4)
FNDA:7,(anonymous_5)
FNDA:6,(anonymous_6)
FNDA:0,(anonymous_7)
FNDA:0,(anonymous_8)
FNDA:0,(anonymous_9)
FNDA:0,(anonymous_10)
FNDA:0,(anonymous_11)
FNDA:0,(anonymous_12)
FNDA:0,(anonymous_13)
FNDA:0,(anonymous_14)
FNDA:1,(anonymous_15)
FNDA:2,(anonymous_16)
FNDA:1,(anonymous_17)
FNDA:2,(anonymous_18)
FNDA:2,(anonymous_19)
DA:9,5
DA:11,5
DA:12,63
DA:13,63
DA:22,63
DA:23,63
DA:24,63
DA:25,63
DA:26,63
DA:27,63
DA:28,63
DA:29,63
DA:30,63
DA:32,63
DA:33,9
DA:34,2
DA:35,2
DA:36,2
DA:38,2
DA:43,0
DA:45,2
DA:46,2
DA:48,2
DA:49,2
DA:57,2
DA:58,2
DA:66,2
DA:72,1
DA:73,1
DA:76,1
DA:77,1
DA:78,1
DA:80,2
DA:84,9
DA:85,2
DA:89,63
DA:90,7
DA:91,7
DA:92,7
DA:94,7
DA:95,7
DA:97,7
DA:98,7
DA:99,7
DA:101,7
DA:102,7
DA:105,0
DA:106,0
DA:107,0
DA:109,7
DA:113,63
DA:114,6
DA:115,6
DA:117,6
DA:119,6
DA:123,5
DA:125,5
DA:129,0
DA:131,0
DA:132,0
DA:133,0
DA:134,0
DA:139,0
DA:140,0
DA:141,0
DA:142,0
DA:143,0
DA:146,0
DA:152,0
DA:157,0
DA:158,0
DA:160,0
DA:162,0
DA:165,0
DA:172,6
DA:173,6
DA:175,6
DA:179,63
DA:180,1
DA:181,1
DA:182,1
DA:184,0
DA:185,0
DA:186,0
DA:187,0
DA:189,0
DA:191,0
DA:193,0
DA:194,0
DA:196,0
DA:200,0
DA:205,63
DA:206,2
DA:207,2
DA:209,2
DA:210,1
DA:212,1
DA:213,1
DA:217,63
DA:233,2
DA:234,2
DA:237,2
DA:238,2
LF:103
LH:72
BRDA:38,0,0,0
BRDA:38,0,1,2
BRDA:39,1,0,2
BRDA:39,1,1,2
BRDA:39,1,2,0
BRDA:48,2,0,2
BRDA:48,2,1,0
BRDA:57,3,0,2
BRDA:57,3,1,0
BRDA:67,4,0,1
BRDA:67,4,1,0
BRDA:68,5,0,1
BRDA:68,5,1,0
BRDA:84,6,0,2
BRDA:84,6,1,7
BRDA:144,7,0,0
BRDA:144,7,1,0
BRDA:151,8,0,0
BRDA:151,8,1,0
BRDA:180,9,0,1
BRDA:180,9,1,0
BRDA:196,10,0,0
BRDA:196,10,1,0
BRF:23
BRH:10
end_of_record
TN:
SF:src/context/pokemonRepository.js
FN:5,(anonymous_0)
FN:9,(anonymous_1)
FN:10,(anonymous_2)
FN:13,(anonymous_3)
FN:17,(anonymous_4)
FNF:5
FNH:5
FNDA:1,(anonymous_0)
FNDA:2,(anonymous_1)
FNDA:1,(anonymous_2)
FNDA:1,(anonymous_3)
FNDA:1,(anonymous_4)
DA:5,5
DA:6,1
DA:9,5
DA:10,2
DA:13,5
DA:14,1
DA:17,5
DA:18,1
LF:8
LH:8
BRF:0
BRH:0
end_of_record
TN:
SF:src/screens/PokemonDetailsScreen/index.js
FN:11,(anonymous_0)
FN:24,(anonymous_1)
FN:28,(anonymous_2)
FN:29,(anonymous_3)
FN:58,(anonymous_4)
FN:66,(anonymous_5)
FN:84,(anonymous_6)
FN:84,(anonymous_7)
FN:93,(anonymous_8)
FN:93,(anonymous_9)
FNF:10
FNH:6
FNDA:5,(anonymous_0)
FNDA:5,(anonymous_1)
FNDA:8,(anonymous_2)
FNDA:5,(anonymous_3)
FNDA:2,(anonymous_4)
FNDA:2,(anonymous_5)
FNDA:0,(anonymous_6)
FNDA:0,(anonymous_7)
FNDA:0,(anonymous_8)
FNDA:0,(anonymous_9)
DA:11,1
DA:20,5
DA:22,5
DA:24,5
DA:25,5
DA:28,8
DA:29,5
DA:31,5
DA:32,1
DA:35,4
DA:36,1
DA:39,3
DA:59,2
DA:67,2
DA:84,0
DA:93,0
LF:16
LH:14
BRDA:31,0,0,1
BRDA:31,0,1,4
BRDA:35,1,0,1
BRDA:35,1,1,3
BRDA:46,2,0,3
BRDA:46,2,1,0
BRDA:61,3,0,0
BRDA:61,3,1,2
BRDA:81,4,0,3
BRDA:81,4,1,2
BRDA:81,4,2,2
BRDA:90,5,0,3
BRDA:90,5,1,0
BRDA:90,5,2,0
BRF:14
BRH:10
end_of_record
TN:
SF:src/screens/PokemonDetailsScreen/styles.js
FNF:0
FNH:0
DA:5,1
LF:1
LH:1
BRF:0
BRH:0
end_of_record
TN:
SF:src/screens/PokemonListingScreen/index.js
FN:17,(anonymous_0)
FN:24,(anonymous_1)
FN:29,(anonymous_2)
FN:33,(anonymous_3)
FN:52,(anonymous_4)
FN:53,(anonymous_5)
FN:54,(anonymous_6)
FN:62,(anonymous_7)
FN:90,(anonymous_8)
FNF:9
FNH:9
FNDA:5,(anonymous_0)
FNDA:4,(anonymous_1)
FNDA:4,(anonymous_2)
FNDA:1,(anonymous_3)
FNDA:3,(anonymous_4)
FNDA:3,(anonymous_5)
FNDA:3,(anonymous_6)
FNDA:1,(anonymous_7)
FNDA:1,(anonymous_8)
DA:17,1
DA:19,5
DA:21,5
DA:22,5
DA:24,5
DA:25,4
DA:26,4
DA:29,5
DA:30,4
DA:33,5
DA:34,1
DA:35,1
DA:38,0
DA:39,0
DA:43,5
DA:44,1
DA:47,4
DA:52,3
DA:54,3
DA:56,3
DA:57,3
DA:60,3
DA:63,1
DA:90,1
LF:24
LH:22
BRDA:34,0,0,1
BRDA:34,0,1,0
BRDA:38,1,0,0
BRDA:38,1,1,0
BRDA:43,2,0,1
BRDA:43,2,1,4
BRDA:56,3,0,3
BRDA:56,3,1,0
BRDA:79,4,0,4
BRDA:79,4,1,4
BRDA:81,5,0,0
BRDA:81,5,1,4
BRDA:81,6,0,4
BRDA:81,6,1,1
BRF:14
BRH:9
end_of_record
TN:
SF:src/screens/PokemonListingScreen/styles.js
FNF:0
FNH:0
LF:0
LH:0
BRF:0
BRH:0
end_of_record
